#
# There is insufficient memory for the Java Runtime Environment to continue.
# Native memory allocation (malloc) failed to allocate 459200 bytes for Chunk::new
# Possible reasons:
#   The system is out of physical RAM or swap space
#   The process is running with CompressedOops enabled, and the Java Heap may be blocking the growth of the native heap
# Possible solutions:
#   Reduce memory load on the system
#   Increase physical memory or swap space
#   Check if swap backing store is full
#   Decrease Java heap size (-Xmx/-Xms)
#   Decrease number of Java threads
#   Decrease Java thread stack sizes (-Xss)
#   Set larger code cache with -XX:ReservedCodeCacheSize=
#   JVM is running with Unscaled Compressed Oops mode in which the Java heap is
#     placed in the first 4GB address space. The Java Heap base address is the
#     maximum limit for the native heap growth. Please use -XX:HeapBaseMinAddress
#     to set the Java Heap base and to place the Java Heap above 4GB virtual address.
# This output file may be truncated or incomplete.
#
#  Out of Memory Error (arena.cpp:189), pid=5552, tid=9272
#
# JRE version: OpenJDK Runtime Environment Temurin-17.0.7+7 (17.0.7+7) (build 17.0.7+7)
# Java VM: OpenJDK 64-Bit Server VM Temurin-17.0.7+7 (17.0.7+7, mixed mode, tiered, compressed oops, compressed class ptrs, parallel gc, windows-amd64)
# No core dump will be written. Minidumps are not enabled by default on client versions of Windows
#

---------------  S U M M A R Y ------------

Command Line: --add-modules=ALL-SYSTEM --add-opens=java.base/java.util=ALL-UNNAMED --add-opens=java.base/java.lang=ALL-UNNAMED --add-opens=java.base/sun.nio.fs=ALL-UNNAMED -Declipse.application=org.eclipse.jdt.ls.core.id1 -Dosgi.bundles.defaultStartLevel=4 -Declipse.product=org.eclipse.jdt.ls.core.product -Djava.import.generatesMetadataFilesAtProjectRoot=false -Dfile.encoding=utf8 -XX:+UseParallelGC -XX:GCTimeRatio=4 -XX:AdaptiveSizePolicyWeight=90 -Dsun.zip.disableMemoryMapping=true -Xmx1G -Xms100m -Xlog:disable -javaagent:c:\Users\Hamzic\.vscode\extensions\redhat.java-1.19.0-win32-x64\lombok\lombok-1.18.28.jar -XX:+HeapDumpOnOutOfMemoryError -XX:HeapDumpPath=c:\Users\Hamzic\AppData\Roaming\Code\User\workspaceStorage\81defa31273f0fbee4d63b5c001e59b1\redhat.java -Daether.dependencyCollector.impl=bf c:\Users\Hamzic\.vscode\extensions\redhat.java-1.19.0-win32-x64\server\plugins\org.eclipse.equinox.launcher_1.6.400.v20210924-0641.jar -configuration c:\Users\Hamzic\AppData\Roaming\Code\User\globalStorage\redhat.java\1.19.0\config_win -data c:\Users\Hamzic\AppData\Roaming\Code\User\workspaceStorage\81defa31273f0fbee4d63b5c001e59b1\redhat.java\jdt_ws

Host: AMD Ryzen 3 3200G with Radeon Vega Graphics    , 4 cores, 13G,  Windows 11 , 64 bit Build 23466 (10.0.23466.1001)
Time: Sun Jun 18 14:24:45 2023 Central Europe Daylight Time elapsed time: 325.998945 seconds (0d 0h 5m 25s)

---------------  T H R E A D  ---------------

Current thread (0x0000021933c64d40):  JavaThread "C2 CompilerThread0" daemon [_thread_in_native, id=9272, stack(0x000000cb88a00000,0x000000cb88b00000)]


Current CompileTask:
C2: 325999 7517       4       java.util.regex.Pattern::compile (500 bytes)

Stack: [0x000000cb88a00000,0x000000cb88b00000]
Native frames: (J=compiled Java code, j=interpreted, Vv=VM code, C=native code)
V  [jvm.dll+0x67754a]
V  [jvm.dll+0x834304]
V  [jvm.dll+0x835aae]
V  [jvm.dll+0x836113]
V  [jvm.dll+0x24696f]
V  [jvm.dll+0xac0ac]
V  [jvm.dll+0xac67c]
V  [jvm.dll+0x364e37]
V  [jvm.dll+0x32f6b1]
V  [jvm.dll+0x32eb5a]
V  [jvm.dll+0x219641]
V  [jvm.dll+0x218a61]
V  [jvm.dll+0x1a4d8d]
V  [jvm.dll+0x2284da]
V  [jvm.dll+0x226615]
V  [jvm.dll+0x7ea90b]
V  [jvm.dll+0x7e4e7a]
V  [jvm.dll+0x676395]
C  [ucrtbase.dll+0x29363]
C  [KERNEL32.DLL+0x126ad]
C  [ntdll.dll+0x5aa08]


---------------  P R O C E S S  ---------------

Threads class SMR info:
_java_thread_list=0x000002194545cc80, length=37, elements={
0x000002191fe165f0, 0x000002191fec3f40, 0x000002191fec5460, 0x000002191fecd4c0,
0x0000021933c60e10, 0x0000021933c617d0, 0x0000021933c640a0, 0x0000021933c64d40,
0x0000021938dfa9d0, 0x0000021938dfc690, 0x0000021938e936a0, 0x0000021939028c40,
0x0000021939919510, 0x000002193978a6e0, 0x000002193978af50, 0x00000219397fc5d0,
0x0000021939c25010, 0x0000021939525030, 0x0000021939354300, 0x0000021939352150,
0x0000021939353e30, 0x0000021939352af0, 0x0000021939353490, 0x0000021939354ca0,
0x00000219393547d0, 0x0000021939355170, 0x0000021939351c80, 0x0000021939352620,
0x000002193aaaada0, 0x000002193aaad8f0, 0x000002193aaacf50, 0x000002193aaa9f30,
0x000002193aaa90c0, 0x000002193aaa78b0, 0x000002193aaab740, 0x000002193aaabc10,
0x000002193a7879b0
}

Java Threads: ( => current thread )
  0x000002191fe165f0 JavaThread "main" [_thread_blocked, id=11876, stack(0x000000cb88100000,0x000000cb88200000)]
  0x000002191fec3f40 JavaThread "Reference Handler" daemon [_thread_blocked, id=15672, stack(0x000000cb88400000,0x000000cb88500000)]
  0x000002191fec5460 JavaThread "Finalizer" daemon [_thread_blocked, id=15988, stack(0x000000cb88500000,0x000000cb88600000)]
  0x000002191fecd4c0 JavaThread "Signal Dispatcher" daemon [_thread_blocked, id=11924, stack(0x000000cb88600000,0x000000cb88700000)]
  0x0000021933c60e10 JavaThread "Attach Listener" daemon [_thread_blocked, id=12764, stack(0x000000cb88700000,0x000000cb88800000)]
  0x0000021933c617d0 JavaThread "Service Thread" daemon [_thread_blocked, id=8028, stack(0x000000cb88800000,0x000000cb88900000)]
  0x0000021933c640a0 JavaThread "Monitor Deflation Thread" daemon [_thread_blocked, id=13440, stack(0x000000cb88900000,0x000000cb88a00000)]
=>0x0000021933c64d40 JavaThread "C2 CompilerThread0" daemon [_thread_in_native, id=9272, stack(0x000000cb88a00000,0x000000cb88b00000)]
  0x0000021938dfa9d0 JavaThread "C1 CompilerThread0" daemon [_thread_blocked, id=2452, stack(0x000000cb88b00000,0x000000cb88c00000)]
  0x0000021938dfc690 JavaThread "Sweeper thread" daemon [_thread_blocked, id=1624, stack(0x000000cb88c00000,0x000000cb88d00000)]
  0x0000021938e936a0 JavaThread "Common-Cleaner" daemon [_thread_blocked, id=10660, stack(0x000000cb88d00000,0x000000cb88e00000)]
  0x0000021939028c40 JavaThread "Notification Thread" daemon [_thread_blocked, id=8508, stack(0x000000cb88e00000,0x000000cb88f00000)]
  0x0000021939919510 JavaThread "Active Thread: Equinox Container: f5f0b980-b257-4bfd-b49e-0ccfa1b51c1e" [_thread_blocked, id=2848, stack(0x000000cb89400000,0x000000cb89500000)]
  0x000002193978a6e0 JavaThread "Framework Event Dispatcher: Equinox Container: f5f0b980-b257-4bfd-b49e-0ccfa1b51c1e" daemon [_thread_blocked, id=8956, stack(0x000000cb89000000,0x000000cb89100000)]
  0x000002193978af50 JavaThread "Start Level: Equinox Container: f5f0b980-b257-4bfd-b49e-0ccfa1b51c1e" daemon [_thread_blocked, id=9228, stack(0x000000cb89500000,0x000000cb89600000)]
  0x00000219397fc5d0 JavaThread "SCR Component Actor" daemon [_thread_blocked, id=10572, stack(0x000000cb89600000,0x000000cb89700000)]
  0x0000021939c25010 JavaThread "Worker-JM" [_thread_blocked, id=10128, stack(0x000000cb89800000,0x000000cb89900000)]
  0x0000021939525030 JavaThread "Worker-0" [_thread_blocked, id=9660, stack(0x000000cb89a00000,0x000000cb89b00000)]
  0x0000021939354300 JavaThread "Worker-1: Initialize Workspace" [_thread_in_native, id=3756, stack(0x000000cb89b00000,0x000000cb89c00000)]
  0x0000021939352150 JavaThread "Java indexing" daemon [_thread_blocked, id=8472, stack(0x000000cb89900000,0x000000cb89a00000)]
  0x0000021939353e30 JavaThread "Worker-2: Compacting resource model" [_thread_blocked, id=8044, stack(0x000000cb89c00000,0x000000cb89d00000)]
  0x0000021939352af0 JavaThread "Worker-3: Synchronize Gradle projects with workspace" [_thread_blocked, id=17100, stack(0x000000cb89e00000,0x000000cb89f00000)]
  0x0000021939353490 JavaThread "JNA Cleaner" daemon [_thread_blocked, id=5720, stack(0x000000cb89d00000,0x000000cb89e00000)]
  0x0000021939354ca0 JavaThread "pool-2-thread-1" [_thread_blocked, id=1396, stack(0x000000cb8a200000,0x000000cb8a300000)]
  0x00000219393547d0 JavaThread "WorkspaceEventsHandler" [_thread_blocked, id=9552, stack(0x000000cb8a100000,0x000000cb8a200000)]
  0x0000021939355170 JavaThread "pool-1-thread-1" [_thread_blocked, id=15660, stack(0x000000cb8a300000,0x000000cb8a400000)]
  0x0000021939351c80 JavaThread "Timer-0" [_thread_blocked, id=9652, stack(0x000000cb89700000,0x000000cb89800000)]
  0x0000021939352620 JavaThread "Timer-1" [_thread_blocked, id=2732, stack(0x000000cb8a400000,0x000000cb8a500000)]
  0x000002193aaaada0 JavaThread "Timer-2" [_thread_blocked, id=9524, stack(0x000000cb8a500000,0x000000cb8a600000)]
  0x000002193aaad8f0 JavaThread "Timer-3" [_thread_blocked, id=13596, stack(0x000000cb8a600000,0x000000cb8a700000)]
  0x000002193aaacf50 JavaThread "Timer-4" [_thread_blocked, id=1392, stack(0x000000cb8a700000,0x000000cb8a800000)]
  0x000002193aaa9f30 JavaThread "Timer-5" [_thread_blocked, id=16808, stack(0x000000cb87f00000,0x000000cb88000000)]
  0x000002193aaa90c0 JavaThread "Timer-6" [_thread_blocked, id=10584, stack(0x000000cb88000000,0x000000cb88100000)]
  0x000002193aaa78b0 JavaThread "Exec process" [_thread_blocked, id=12224, stack(0x000000cb89f00000,0x000000cb8a000000)]
  0x000002193aaab740 JavaThread "Exec process Thread 2" [_thread_blocked, id=8252, stack(0x000000cb8a000000,0x000000cb8a100000)]
  0x000002193aaabc10 JavaThread "Exec process Thread 3" [_thread_blocked, id=3192, stack(0x000000cb8a900000,0x000000cb8aa00000)]
  0x000002193a7879b0 JavaThread "C2 CompilerThread1" daemon [_thread_blocked, id=5284, stack(0x000000cb8a800000,0x000000cb8a900000)]

Other Threads:
  0x0000021933c262d0 VMThread "VM Thread" [stack: 0x000000cb88300000,0x000000cb88400000] [id=14712]
  0x0000021939083a30 WatcherThread [stack: 0x000000cb88f00000,0x000000cb89000000] [id=14408]
  0x000002191fe2b7a0 GCTaskThread "GC Thread#0" [stack: 0x000000cb88200000,0x000000cb88300000] [id=10104]
  0x00000219393bcf00 GCTaskThread "GC Thread#1" [stack: 0x000000cb89100000,0x000000cb89200000] [id=2432]
  0x00000219396dc9e0 GCTaskThread "GC Thread#2" [stack: 0x000000cb89200000,0x000000cb89300000] [id=2664]
  0x00000219395a2760 GCTaskThread "GC Thread#3" [stack: 0x000000cb89300000,0x000000cb89400000] [id=3984]

Threads with active compile tasks:
C2 CompilerThread0   326035 7517       4       java.util.regex.Pattern::compile (500 bytes)

VM state: not at safepoint (normal execution)

VM Mutex/Monitor currently owned by a thread: None

Heap address: 0x00000000c0000000, size: 1024 MB, Compressed Oops mode: 32-bit

CDS archive(s) not mapped
Compressed class space mapped at: 0x0000000100000000-0x0000000140000000, reserved size: 1073741824
Narrow klass base: 0x0000000000000000, Narrow klass shift: 3, Narrow klass range: 0x140000000

GC Precious Log:
 CPUs: 4 total, 4 available
 Memory: 14266M
 Large Page Support: Disabled
 NUMA Support: Disabled
 Compressed Oops: Enabled (32-bit)
 Alignments: Space 512K, Generation 512K, Heap 2M
 Heap Min Capacity: 100M
 Heap Initial Capacity: 100M
 Heap Max Capacity: 1G
 Pre-touch: Disabled
 Parallel Workers: 4

Heap:
 PSYoungGen      total 9216K, used 8772K [0x00000000eab00000, 0x00000000eb800000, 0x0000000100000000)
  eden space 8704K, 97% used [0x00000000eab00000,0x00000000eb351010,0x00000000eb380000)
  from space 512K, 50% used [0x00000000eb780000,0x00000000eb7c0000,0x00000000eb800000)
  to   space 512K, 0% used [0x00000000eb700000,0x00000000eb700000,0x00000000eb780000)
 ParOldGen       total 94720K, used 70858K [0x00000000c0000000, 0x00000000c5c80000, 0x00000000eab00000)
  object space 94720K, 74% used [0x00000000c0000000,0x00000000c4532a00,0x00000000c5c80000)
 Metaspace       used 77698K, committed 78784K, reserved 1179648K
  class space    used 10043K, committed 10560K, reserved 1048576K

Card table byte_map: [0x000002191f7b0000,0x000002191f9c0000] _byte_map_base: 0x000002191f1b0000

Marking Bits: (ParMarkBitMap*) 0x00007ffc70a252c0
 Begin Bits: [0x0000021931a90000, 0x0000021932a90000)
 End Bits:   [0x0000021932a90000, 0x0000021933a90000)

Polling page: 0x000002191ddc0000

Metaspace:

Usage:
  Non-class:     66.07 MB used.
      Class:      9.81 MB used.
       Both:     75.88 MB used.

Virtual space:
  Non-class space:      128.00 MB reserved,      66.62 MB ( 52%) committed,  2 nodes.
      Class space:        1.00 GB reserved,      10.31 MB (  1%) committed,  1 nodes.
             Both:        1.12 GB reserved,      76.94 MB (  7%) committed. 

Chunk freelists:
   Non-Class:  13.28 MB
       Class:  5.54 MB
        Both:  18.82 MB

MaxMetaspaceSize: unlimited
CompressedClassSpaceSize: 1.00 GB
Initial GC threshold: 21.00 MB
Current GC threshold: 118.75 MB
CDS: off
MetaspaceReclaimPolicy: balanced
 - commit_granule_bytes: 65536.
 - commit_granule_words: 8192.
 - virtual_space_node_default_size: 8388608.
 - enlarge_chunks_in_place: 1.
 - new_chunks_are_fully_committed: 0.
 - uncommit_free_chunks: 1.
 - use_allocation_guard: 0.
 - handle_deallocations: 1.


Internal statistics:

num_allocs_failed_limit: 9.
num_arena_births: 550.
num_arena_deaths: 14.
num_vsnodes_births: 3.
num_vsnodes_deaths: 0.
num_space_committed: 1231.
num_space_uncommitted: 0.
num_chunks_returned_to_freelist: 23.
num_chunks_taken_from_freelist: 3292.
num_chunk_merges: 10.
num_chunk_splits: 2259.
num_chunks_enlarged: 1553.
num_inconsistent_stats: 0.

CodeHeap 'non-profiled nmethods': size=120000Kb used=4253Kb max_used=4253Kb free=115746Kb
 bounds [0x000002192a560000, 0x000002192a990000, 0x0000021931a90000]
CodeHeap 'profiled nmethods': size=120000Kb used=13543Kb max_used=13543Kb free=106457Kb
 bounds [0x0000021922a90000, 0x00000219237d0000, 0x0000021929fc0000]
CodeHeap 'non-nmethods': size=5760Kb used=1338Kb max_used=1390Kb free=4421Kb
 bounds [0x0000021929fc0000, 0x000002192a230000, 0x000002192a560000]
 total_blobs=7358 nmethods=6684 adapters=587
 compilation: enabled
              stopped_count=0, restarted_count=0
 full_count=0

Compilation events (20 events):
Event: 325.923 Thread 0x0000021938dfa9d0 nmethod 7515 0x00000219237c8710 code [0x00000219237c88c0, 0x00000219237c8c08]
Event: 325.926 Thread 0x0000021938dfa9d0 7516   !   3       sun.nio.fs.WindowsDirectoryStream$WindowsDirectoryIterator::acceptEntry (71 bytes)
Event: 325.926 Thread 0x0000021938dfa9d0 nmethod 7516 0x00000219237c8d90 code [0x00000219237c8fe0, 0x00000219237c97f8]
Event: 325.928 Thread 0x000002193a7879b0 nmethod 7509 0x000002192a980610 code [0x000002192a9807e0, 0x000002192a980dc8]
Event: 325.929 Thread 0x000002193a7879b0 7508       4       java.lang.Character::toLowerCase (9 bytes)
Event: 325.932 Thread 0x000002193a7879b0 nmethod 7508 0x000002192a981290 code [0x000002192a981420, 0x000002192a981558]
Event: 325.932 Thread 0x000002193a7879b0 7514   !   4       java.util.regex.Pattern::matcher (44 bytes)
Event: 325.945 Thread 0x0000021933c64d40 nmethod 7507 0x000002192a981690 code [0x000002192a9818c0, 0x000002192a983988]
Event: 325.946 Thread 0x0000021933c64d40 7510       4       sun.nio.fs.Globs::isRegexMeta (16 bytes)
Event: 325.946 Thread 0x000002193a7879b0 nmethod 7514 0x000002192a984a90 code [0x000002192a984c40, 0x000002192a9853e8]
Event: 325.947 Thread 0x0000021933c64d40 nmethod 7510 0x000002192a985790 code [0x000002192a985900, 0x000002192a985a38]
Event: 325.955 Thread 0x0000021933c64d40 7517       4       java.util.regex.Pattern::compile (500 bytes)
Event: 325.956 Thread 0x000002193a7879b0 7518       4       java.util.regex.Matcher::search (154 bytes)
Event: 325.956 Thread 0x0000021938dfa9d0 7519       3       java.lang.Integer::numberOfTrailingZeros (80 bytes)
Event: 325.956 Thread 0x0000021938dfa9d0 nmethod 7519 0x00000219237c9b90 code [0x00000219237c9d40, 0x00000219237c9fb8]
Event: 325.957 Thread 0x0000021938dfa9d0 7520       3       java.util.regex.Matcher::start (22 bytes)
Event: 325.957 Thread 0x0000021938dfa9d0 nmethod 7520 0x00000219237ca090 code [0x00000219237ca240, 0x00000219237ca448]
Event: 325.962 Thread 0x000002193a7879b0 nmethod 7518 0x000002192a985b10 code [0x000002192a985ca0, 0x000002192a985eb8]
Event: 325.962 Thread 0x000002193a7879b0 7521   !   4       java.util.regex.Pattern::RemoveQEQuoting (370 bytes)
Event: 325.979 Thread 0x000002193a7879b0 nmethod 7521 0x000002192a986010 code [0x000002192a9861e0, 0x000002192a987078]

GC Heap History (20 events):
Event: 267.520 GC heap before
{Heap before GC invocations=62 (full 4):
 PSYoungGen      total 11264K, used 8704K [0x00000000eab00000, 0x00000000eb880000, 0x0000000100000000)
  eden space 8704K, 100% used [0x00000000eab00000,0x00000000eb380000,0x00000000eb380000)
  from space 2560K, 0% used [0x00000000eb600000,0x00000000eb600000,0x00000000eb880000)
  to   space 2560K, 0% used [0x00000000eb380000,0x00000000eb380000,0x00000000eb600000)
 ParOldGen       total 94720K, used 65473K [0x00000000c0000000, 0x00000000c5c80000, 0x00000000eab00000)
  object space 94720K, 69% used [0x00000000c0000000,0x00000000c3ff0790,0x00000000c5c80000)
 Metaspace       used 72672K, committed 73728K, reserved 1114112K
  class space    used 9241K, committed 9728K, reserved 1048576K
}
Event: 267.522 GC heap after
{Heap after GC invocations=62 (full 4):
 PSYoungGen      total 9216K, used 352K [0x00000000eab00000, 0x00000000eb680000, 0x0000000100000000)
  eden space 8704K, 0% used [0x00000000eab00000,0x00000000eab00000,0x00000000eb380000)
  from space 512K, 68% used [0x00000000eb380000,0x00000000eb3d8000,0x00000000eb400000)
  to   space 1024K, 0% used [0x00000000eb580000,0x00000000eb580000,0x00000000eb680000)
 ParOldGen       total 94720K, used 65473K [0x00000000c0000000, 0x00000000c5c80000, 0x00000000eab00000)
  object space 94720K, 69% used [0x00000000c0000000,0x00000000c3ff0790,0x00000000c5c80000)
 Metaspace       used 72672K, committed 73728K, reserved 1114112K
  class space    used 9241K, committed 9728K, reserved 1048576K
}
Event: 267.763 GC heap before
{Heap before GC invocations=63 (full 4):
 PSYoungGen      total 9216K, used 9056K [0x00000000eab00000, 0x00000000eb680000, 0x0000000100000000)
  eden space 8704K, 100% used [0x00000000eab00000,0x00000000eb380000,0x00000000eb380000)
  from space 512K, 68% used [0x00000000eb380000,0x00000000eb3d8000,0x00000000eb400000)
  to   space 1024K, 0% used [0x00000000eb580000,0x00000000eb580000,0x00000000eb680000)
 ParOldGen       total 94720K, used 65473K [0x00000000c0000000, 0x00000000c5c80000, 0x00000000eab00000)
  object space 94720K, 69% used [0x00000000c0000000,0x00000000c3ff0790,0x00000000c5c80000)
 Metaspace       used 73185K, committed 74240K, reserved 1114112K
  class space    used 9309K, committed 9792K, reserved 1048576K
}
Event: 267.764 GC heap after
{Heap after GC invocations=63 (full 4):
 PSYoungGen      total 9216K, used 224K [0x00000000eab00000, 0x00000000eb600000, 0x0000000100000000)
  eden space 8704K, 0% used [0x00000000eab00000,0x00000000eab00000,0x00000000eb380000)
  from space 512K, 43% used [0x00000000eb580000,0x00000000eb5b8000,0x00000000eb600000)
  to   space 512K, 0% used [0x00000000eb380000,0x00000000eb380000,0x00000000eb400000)
 ParOldGen       total 94720K, used 65741K [0x00000000c0000000, 0x00000000c5c80000, 0x00000000eab00000)
  object space 94720K, 69% used [0x00000000c0000000,0x00000000c40337a0,0x00000000c5c80000)
 Metaspace       used 73185K, committed 74240K, reserved 1114112K
  class space    used 9309K, committed 9792K, reserved 1048576K
}
Event: 269.973 GC heap before
{Heap before GC invocations=64 (full 4):
 PSYoungGen      total 9216K, used 8928K [0x00000000eab00000, 0x00000000eb600000, 0x0000000100000000)
  eden space 8704K, 100% used [0x00000000eab00000,0x00000000eb380000,0x00000000eb380000)
  from space 512K, 43% used [0x00000000eb580000,0x00000000eb5b8000,0x00000000eb600000)
  to   space 512K, 0% used [0x00000000eb380000,0x00000000eb380000,0x00000000eb400000)
 ParOldGen       total 94720K, used 65741K [0x00000000c0000000, 0x00000000c5c80000, 0x00000000eab00000)
  object space 94720K, 69% used [0x00000000c0000000,0x00000000c40337a0,0x00000000c5c80000)
 Metaspace       used 73190K, committed 74240K, reserved 1114112K
  class space    used 9309K, committed 9792K, reserved 1048576K
}
Event: 269.974 GC heap after
{Heap after GC invocations=64 (full 4):
 PSYoungGen      total 9216K, used 224K [0x00000000eab00000, 0x00000000eb600000, 0x0000000100000000)
  eden space 8704K, 0% used [0x00000000eab00000,0x00000000eab00000,0x00000000eb380000)
  from space 512K, 43% used [0x00000000eb380000,0x00000000eb3b8000,0x00000000eb400000)
  to   space 512K, 0% used [0x00000000eb580000,0x00000000eb580000,0x00000000eb600000)
 ParOldGen       total 94720K, used 65942K [0x00000000c0000000, 0x00000000c5c80000, 0x00000000eab00000)
  object space 94720K, 69% used [0x00000000c0000000,0x00000000c4065b40,0x00000000c5c80000)
 Metaspace       used 73190K, committed 74240K, reserved 1114112K
  class space    used 9309K, committed 9792K, reserved 1048576K
}
Event: 272.357 GC heap before
{Heap before GC invocations=65 (full 4):
 PSYoungGen      total 9216K, used 8928K [0x00000000eab00000, 0x00000000eb600000, 0x0000000100000000)
  eden space 8704K, 100% used [0x00000000eab00000,0x00000000eb380000,0x00000000eb380000)
  from space 512K, 43% used [0x00000000eb380000,0x00000000eb3b8000,0x00000000eb400000)
  to   space 512K, 0% used [0x00000000eb580000,0x00000000eb580000,0x00000000eb600000)
 ParOldGen       total 94720K, used 65942K [0x00000000c0000000, 0x00000000c5c80000, 0x00000000eab00000)
  object space 94720K, 69% used [0x00000000c0000000,0x00000000c4065b40,0x00000000c5c80000)
 Metaspace       used 73194K, committed 74240K, reserved 1114112K
  class space    used 9309K, committed 9792K, reserved 1048576K
}
Event: 272.358 GC heap after
{Heap after GC invocations=65 (full 4):
 PSYoungGen      total 9216K, used 224K [0x00000000eab00000, 0x00000000eb600000, 0x0000000100000000)
  eden space 8704K, 0% used [0x00000000eab00000,0x00000000eab00000,0x00000000eb380000)
  from space 512K, 43% used [0x00000000eb580000,0x00000000eb5b8000,0x00000000eb600000)
  to   space 512K, 0% used [0x00000000eb380000,0x00000000eb380000,0x00000000eb400000)
 ParOldGen       total 94720K, used 66110K [0x00000000c0000000, 0x00000000c5c80000, 0x00000000eab00000)
  object space 94720K, 69% used [0x00000000c0000000,0x00000000c408fb40,0x00000000c5c80000)
 Metaspace       used 73194K, committed 74240K, reserved 1114112K
  class space    used 9309K, committed 9792K, reserved 1048576K
}
Event: 274.021 GC heap before
{Heap before GC invocations=66 (full 4):
 PSYoungGen      total 9216K, used 8928K [0x00000000eab00000, 0x00000000eb600000, 0x0000000100000000)
  eden space 8704K, 100% used [0x00000000eab00000,0x00000000eb380000,0x00000000eb380000)
  from space 512K, 43% used [0x00000000eb580000,0x00000000eb5b8000,0x00000000eb600000)
  to   space 512K, 0% used [0x00000000eb380000,0x00000000eb380000,0x00000000eb400000)
 ParOldGen       total 94720K, used 66110K [0x00000000c0000000, 0x00000000c5c80000, 0x00000000eab00000)
  object space 94720K, 69% used [0x00000000c0000000,0x00000000c408fb40,0x00000000c5c80000)
 Metaspace       used 73199K, committed 74240K, reserved 1114112K
  class space    used 9309K, committed 9792K, reserved 1048576K
}
Event: 274.024 GC heap after
{Heap after GC invocations=66 (full 4):
 PSYoungGen      total 9216K, used 490K [0x00000000eab00000, 0x00000000ebc80000, 0x0000000100000000)
  eden space 8704K, 0% used [0x00000000eab00000,0x00000000eab00000,0x00000000eb380000)
  from space 512K, 95% used [0x00000000eb380000,0x00000000eb3fab50,0x00000000eb400000)
  to   space 4608K, 0% used [0x00000000eb800000,0x00000000eb800000,0x00000000ebc80000)
 ParOldGen       total 94720K, used 69432K [0x00000000c0000000, 0x00000000c5c80000, 0x00000000eab00000)
  object space 94720K, 73% used [0x00000000c0000000,0x00000000c43ce3f0,0x00000000c5c80000)
 Metaspace       used 73199K, committed 74240K, reserved 1114112K
  class space    used 9309K, committed 9792K, reserved 1048576K
}
Event: 274.146 GC heap before
{Heap before GC invocations=67 (full 4):
 PSYoungGen      total 9216K, used 9194K [0x00000000eab00000, 0x00000000ebc80000, 0x0000000100000000)
  eden space 8704K, 100% used [0x00000000eab00000,0x00000000eb380000,0x00000000eb380000)
  from space 512K, 95% used [0x00000000eb380000,0x00000000eb3fab50,0x00000000eb400000)
  to   space 4608K, 0% used [0x00000000eb800000,0x00000000eb800000,0x00000000ebc80000)
 ParOldGen       total 94720K, used 69432K [0x00000000c0000000, 0x00000000c5c80000, 0x00000000eab00000)
  object space 94720K, 73% used [0x00000000c0000000,0x00000000c43ce3f0,0x00000000c5c80000)
 Metaspace       used 73537K, committed 74624K, reserved 1114112K
  class space    used 9397K, committed 9920K, reserved 1048576K
}
Event: 274.147 GC heap after
{Heap after GC invocations=67 (full 4):
 PSYoungGen      total 9216K, used 416K [0x00000000eab00000, 0x00000000eb880000, 0x0000000100000000)
  eden space 8704K, 0% used [0x00000000eab00000,0x00000000eab00000,0x00000000eb380000)
  from space 512K, 81% used [0x00000000eb800000,0x00000000eb868000,0x00000000eb880000)
  to   space 2048K, 0% used [0x00000000eb480000,0x00000000eb480000,0x00000000eb680000)
 ParOldGen       total 94720K, used 69922K [0x00000000c0000000, 0x00000000c5c80000, 0x00000000eab00000)
  object space 94720K, 73% used [0x00000000c0000000,0x00000000c44489a0,0x00000000c5c80000)
 Metaspace       used 73537K, committed 74624K, reserved 1114112K
  class space    used 9397K, committed 9920K, reserved 1048576K
}
Event: 274.306 GC heap before
{Heap before GC invocations=68 (full 4):
 PSYoungGen      total 9216K, used 9120K [0x00000000eab00000, 0x00000000eb880000, 0x0000000100000000)
  eden space 8704K, 100% used [0x00000000eab00000,0x00000000eb380000,0x00000000eb380000)
  from space 512K, 81% used [0x00000000eb800000,0x00000000eb868000,0x00000000eb880000)
  to   space 2048K, 0% used [0x00000000eb480000,0x00000000eb480000,0x00000000eb680000)
 ParOldGen       total 94720K, used 69922K [0x00000000c0000000, 0x00000000c5c80000, 0x00000000eab00000)
  object space 94720K, 73% used [0x00000000c0000000,0x00000000c44489a0,0x00000000c5c80000)
 Metaspace       used 74429K, committed 75456K, reserved 1179648K
  class space    used 9560K, committed 10048K, reserved 1048576K
}
Event: 274.307 GC heap after
{Heap after GC invocations=68 (full 4):
 PSYoungGen      total 10752K, used 256K [0x00000000eab00000, 0x00000000eb880000, 0x0000000100000000)
  eden space 8704K, 0% used [0x00000000eab00000,0x00000000eab00000,0x00000000eb380000)
  from space 2048K, 12% used [0x00000000eb480000,0x00000000eb4c0020,0x00000000eb680000)
  to   space 1024K, 0% used [0x00000000eb780000,0x00000000eb780000,0x00000000eb880000)
 ParOldGen       total 94720K, used 70274K [0x00000000c0000000, 0x00000000c5c80000, 0x00000000eab00000)
  object space 94720K, 74% used [0x00000000c0000000,0x00000000c44a09b0,0x00000000c5c80000)
 Metaspace       used 74429K, committed 75456K, reserved 1179648K
  class space    used 9560K, committed 10048K, reserved 1048576K
}
Event: 274.484 GC heap before
{Heap before GC invocations=69 (full 4):
 PSYoungGen      total 10752K, used 8960K [0x00000000eab00000, 0x00000000eb880000, 0x0000000100000000)
  eden space 8704K, 100% used [0x00000000eab00000,0x00000000eb380000,0x00000000eb380000)
  from space 2048K, 12% used [0x00000000eb480000,0x00000000eb4c0020,0x00000000eb680000)
  to   space 1024K, 0% used [0x00000000eb780000,0x00000000eb780000,0x00000000eb880000)
 ParOldGen       total 94720K, used 70274K [0x00000000c0000000, 0x00000000c5c80000, 0x00000000eab00000)
  object space 94720K, 74% used [0x00000000c0000000,0x00000000c44a09b0,0x00000000c5c80000)
 Metaspace       used 75308K, committed 76416K, reserved 1179648K
  class space    used 9714K, committed 10240K, reserved 1048576K
}
Event: 274.486 GC heap after
{Heap after GC invocations=69 (full 4):
 PSYoungGen      total 9216K, used 256K [0x00000000eab00000, 0x00000000eb800000, 0x0000000100000000)
  eden space 8704K, 0% used [0x00000000eab00000,0x00000000eab00000,0x00000000eb380000)
  from space 512K, 50% used [0x00000000eb780000,0x00000000eb7c0000,0x00000000eb800000)
  to   space 512K, 0% used [0x00000000eb700000,0x00000000eb700000,0x00000000eb780000)
 ParOldGen       total 94720K, used 70474K [0x00000000c0000000, 0x00000000c5c80000, 0x00000000eab00000)
  object space 94720K, 74% used [0x00000000c0000000,0x00000000c44d29f0,0x00000000c5c80000)
 Metaspace       used 75308K, committed 76416K, reserved 1179648K
  class space    used 9714K, committed 10240K, reserved 1048576K
}
Event: 274.684 GC heap before
{Heap before GC invocations=70 (full 4):
 PSYoungGen      total 9216K, used 8960K [0x00000000eab00000, 0x00000000eb800000, 0x0000000100000000)
  eden space 8704K, 100% used [0x00000000eab00000,0x00000000eb380000,0x00000000eb380000)
  from space 512K, 50% used [0x00000000eb780000,0x00000000eb7c0000,0x00000000eb800000)
  to   space 512K, 0% used [0x00000000eb700000,0x00000000eb700000,0x00000000eb780000)
 ParOldGen       total 94720K, used 70474K [0x00000000c0000000, 0x00000000c5c80000, 0x00000000eab00000)
  object space 94720K, 74% used [0x00000000c0000000,0x00000000c44d29f0,0x00000000c5c80000)
 Metaspace       used 76315K, committed 77376K, reserved 1179648K
  class space    used 9865K, committed 10368K, reserved 1048576K
}
Event: 274.685 GC heap after
{Heap after GC invocations=70 (full 4):
 PSYoungGen      total 9216K, used 224K [0x00000000eab00000, 0x00000000eb800000, 0x0000000100000000)
  eden space 8704K, 0% used [0x00000000eab00000,0x00000000eab00000,0x00000000eb380000)
  from space 512K, 43% used [0x00000000eb700000,0x00000000eb738000,0x00000000eb780000)
  to   space 512K, 0% used [0x00000000eb780000,0x00000000eb780000,0x00000000eb800000)
 ParOldGen       total 94720K, used 70666K [0x00000000c0000000, 0x00000000c5c80000, 0x00000000eab00000)
  object space 94720K, 74% used [0x00000000c0000000,0x00000000c45029f0,0x00000000c5c80000)
 Metaspace       used 76315K, committed 77376K, reserved 1179648K
  class space    used 9865K, committed 10368K, reserved 1048576K
}
Event: 275.300 GC heap before
{Heap before GC invocations=71 (full 4):
 PSYoungGen      total 9216K, used 8928K [0x00000000eab00000, 0x00000000eb800000, 0x0000000100000000)
  eden space 8704K, 100% used [0x00000000eab00000,0x00000000eb380000,0x00000000eb380000)
  from space 512K, 43% used [0x00000000eb700000,0x00000000eb738000,0x00000000eb780000)
  to   space 512K, 0% used [0x00000000eb780000,0x00000000eb780000,0x00000000eb800000)
 ParOldGen       total 94720K, used 70666K [0x00000000c0000000, 0x00000000c5c80000, 0x00000000eab00000)
  object space 94720K, 74% used [0x00000000c0000000,0x00000000c45029f0,0x00000000c5c80000)
 Metaspace       used 77160K, committed 78208K, reserved 1179648K
  class space    used 9994K, committed 10496K, reserved 1048576K
}
Event: 275.301 GC heap after
{Heap after GC invocations=71 (full 4):
 PSYoungGen      total 9216K, used 256K [0x00000000eab00000, 0x00000000eb800000, 0x0000000100000000)
  eden space 8704K, 0% used [0x00000000eab00000,0x00000000eab00000,0x00000000eb380000)
  from space 512K, 50% used [0x00000000eb780000,0x00000000eb7c0000,0x00000000eb800000)
  to   space 512K, 0% used [0x00000000eb700000,0x00000000eb700000,0x00000000eb780000)
 ParOldGen       total 94720K, used 70858K [0x00000000c0000000, 0x00000000c5c80000, 0x00000000eab00000)
  object space 94720K, 74% used [0x00000000c0000000,0x00000000c4532a00,0x00000000c5c80000)
 Metaspace       used 77160K, committed 78208K, reserved 1179648K
  class space    used 9994K, committed 10496K, reserved 1048576K
}

Dll operation events (16 events):
Event: 0.024 Loaded shared library c:\Users\Hamzic\.vscode\extensions\redhat.java-1.19.0-win32-x64\jre\17.0.7-win32-x86_64\bin\java.dll
Event: 0.329 Loaded shared library c:\Users\Hamzic\.vscode\extensions\redhat.java-1.19.0-win32-x64\jre\17.0.7-win32-x86_64\bin\zip.dll
Event: 0.332 Loaded shared library C:\Users\Hamzic\.vscode\extensions\redhat.java-1.19.0-win32-x64\jre\17.0.7-win32-x86_64\bin\instrument.dll
Event: 0.348 Loaded shared library C:\Users\Hamzic\.vscode\extensions\redhat.java-1.19.0-win32-x64\jre\17.0.7-win32-x86_64\bin\net.dll
Event: 0.350 Loaded shared library C:\Users\Hamzic\.vscode\extensions\redhat.java-1.19.0-win32-x64\jre\17.0.7-win32-x86_64\bin\nio.dll
Event: 0.358 Loaded shared library C:\Users\Hamzic\.vscode\extensions\redhat.java-1.19.0-win32-x64\jre\17.0.7-win32-x86_64\bin\zip.dll
Event: 0.375 Loaded shared library C:\Users\Hamzic\.vscode\extensions\redhat.java-1.19.0-win32-x64\jre\17.0.7-win32-x86_64\bin\jimage.dll
Event: 0.463 Loaded shared library c:\Users\Hamzic\.vscode\extensions\redhat.java-1.19.0-win32-x64\jre\17.0.7-win32-x86_64\bin\verify.dll
Event: 4.574 Loaded shared library C:\Users\Hamzic\AppData\Roaming\Code\User\globalStorage\redhat.java\1.19.0\config_win\org.eclipse.equinox.launcher\org.eclipse.equinox.launcher.win32.win32.x86_64_1.2.700.v20221108-1024\eclipse_11801.dll
Event: 8.701 Loaded shared library C:\Users\Hamzic\AppData\Local\Temp\jna--2140719072\jna2504538776643339028.dll
Event: 17.814 Loaded shared library C:\Users\Hamzic\.gradle\native\68d5fa5c4cc2d200863cafc0d521ce42e7d3e7ee720ec0a83991735586a16f82\windows-amd64\native-platform.dll
Event: 19.967 Loaded shared library C:\Users\Hamzic\.vscode\extensions\redhat.java-1.19.0-win32-x64\jre\17.0.7-win32-x86_64\bin\management.dll
Event: 19.976 Loaded shared library C:\Users\Hamzic\.vscode\extensions\redhat.java-1.19.0-win32-x64\jre\17.0.7-win32-x86_64\bin\management_ext.dll
Event: 20.979 Loaded shared library C:\Users\Hamzic\.vscode\extensions\redhat.java-1.19.0-win32-x64\jre\17.0.7-win32-x86_64\bin\sunmscapi.dll
Event: 108.344 Loaded shared library C:\Users\Hamzic\.gradle\native\e1d6ef7f7dcc3fd88c89a11ec53ec762bb8ba0a96d01ffa2cd45eb1d1d8dd5c5\windows-amd64\native-platform.dll
Event: 267.400 Loaded shared library C:\Users\Hamzic\.gradle\native\e1d6ef7f7dcc3fd88c89a11ec53ec762bb8ba0a96d01ffa2cd45eb1d1d8dd5c5\windows-amd64-min\native-platform.dll

Deoptimization events (20 events):
Event: 306.462 Thread 0x0000021939355170 Uncommon trap: trap_request=0xffffffde fr.pc=0x000002192a88cf88 relative=0x0000000000000d08
Event: 306.462 Thread 0x0000021939355170 Uncommon trap: reason=class_check action=maybe_recompile pc=0x000002192a88cf88 method=org.eclipse.jdt.ls.core.internal.JobHelpers$InitializeJobMatcher.matches(Lorg/eclipse/core/runtime/jobs/Job;)Z @ 3 c2
Event: 306.462 Thread 0x0000021939355170 DEOPT PACKING pc=0x000002192a88cf88 sp=0x000000cb8a3fddf0
Event: 306.462 Thread 0x0000021939355170 DEOPT UNPACKING pc=0x000002192a0166a3 sp=0x000000cb8a3fdd78 mode 2
Event: 306.475 Thread 0x0000021939355170 Uncommon trap: trap_request=0xffffffde fr.pc=0x000002192a88cf88 relative=0x0000000000000d08
Event: 306.475 Thread 0x0000021939355170 Uncommon trap: reason=class_check action=maybe_recompile pc=0x000002192a88cf88 method=org.eclipse.jdt.ls.core.internal.JobHelpers$InitializeJobMatcher.matches(Lorg/eclipse/core/runtime/jobs/Job;)Z @ 3 c2
Event: 306.475 Thread 0x0000021939355170 DEOPT PACKING pc=0x000002192a88cf88 sp=0x000000cb8a3fddf0
Event: 306.475 Thread 0x0000021939355170 DEOPT UNPACKING pc=0x000002192a0166a3 sp=0x000000cb8a3fdd78 mode 2
Event: 318.445 Thread 0x000002193aaa73e0 Uncommon trap: trap_request=0xffffffde fr.pc=0x000002192a919dc0 relative=0x0000000000000600
Event: 318.445 Thread 0x000002193aaa73e0 Uncommon trap: reason=class_check action=maybe_recompile pc=0x000002192a919dc0 method=java.util.HashMap.removeNode(ILjava/lang/Object;Ljava/lang/Object;ZZ)Ljava/util/HashMap$Node; @ 143 c2
Event: 318.445 Thread 0x000002193aaa73e0 DEOPT PACKING pc=0x000002192a919dc0 sp=0x000000cb8a8fddf0
Event: 318.445 Thread 0x000002193aaa73e0 DEOPT UNPACKING pc=0x000002192a0166a3 sp=0x000000cb8a8fdd98 mode 2
Event: 325.905 Thread 0x000002193aaa73e0 Uncommon trap: trap_request=0xffffffde fr.pc=0x000002192a5d5a94 relative=0x0000000000000234
Event: 325.905 Thread 0x000002193aaa73e0 Uncommon trap: reason=class_check action=maybe_recompile pc=0x000002192a5d5a94 method=java.util.ArrayList$ArrayListSpliterator.tryAdvance(Ljava/util/function/Consumer;)Z @ 48 c2
Event: 325.905 Thread 0x000002193aaa73e0 DEOPT PACKING pc=0x000002192a5d5a94 sp=0x000000cb8a8fdf80
Event: 325.905 Thread 0x000002193aaa73e0 DEOPT UNPACKING pc=0x000002192a0166a3 sp=0x000000cb8a8fdf10 mode 2
Event: 325.911 Thread 0x0000021939354300 Uncommon trap: trap_request=0xffffff45 fr.pc=0x000002192a6dcfd4 relative=0x0000000000000554
Event: 325.911 Thread 0x0000021939354300 Uncommon trap: reason=unstable_if action=reinterpret pc=0x000002192a6dcfd4 method=java.util.regex.Pattern$SliceU.match(Ljava/util/regex/Matcher;ILjava/lang/CharSequence;)Z @ 74 c2
Event: 325.911 Thread 0x0000021939354300 DEOPT PACKING pc=0x000002192a6dcfd4 sp=0x000000cb89bfeab0
Event: 325.911 Thread 0x0000021939354300 DEOPT UNPACKING pc=0x000002192a0166a3 sp=0x000000cb89bfe9d8 mode 2

Classes unloaded (7 events):
Event: 6.111 Thread 0x0000021933c262d0 Unloading class 0x000000010021a400 'java/lang/invoke/LambdaForm$MH+0x000000010021a400'
Event: 6.111 Thread 0x0000021933c262d0 Unloading class 0x000000010021a000 'java/lang/invoke/LambdaForm$MH+0x000000010021a000'
Event: 6.111 Thread 0x0000021933c262d0 Unloading class 0x0000000100219c00 'java/lang/invoke/LambdaForm$MH+0x0000000100219c00'
Event: 6.111 Thread 0x0000021933c262d0 Unloading class 0x0000000100219800 'java/lang/invoke/LambdaForm$MH+0x0000000100219800'
Event: 6.111 Thread 0x0000021933c262d0 Unloading class 0x0000000100219000 'java/lang/invoke/LambdaForm$BMH+0x0000000100219000'
Event: 6.111 Thread 0x0000021933c262d0 Unloading class 0x0000000100218c00 'java/lang/invoke/LambdaForm$DMH+0x0000000100218c00'
Event: 6.111 Thread 0x0000021933c262d0 Unloading class 0x0000000100216000 'java/lang/invoke/LambdaForm$DMH+0x0000000100216000'

Classes redefined (0 events):
No events

Internal exceptions (20 events):
Event: 325.951 Thread 0x0000021939354300 Exception <a 'sun/nio/fs/WindowsException'{0x00000000eb2fed38}> (0x00000000eb2fed38) 
thrown [s\src\hotspot\share\prims\jni.cpp, line 516]
Event: 325.952 Thread 0x0000021939354300 Exception <a 'sun/nio/fs/WindowsException'{0x00000000eb3047e0}> (0x00000000eb3047e0) 
thrown [s\src\hotspot\share\prims\jni.cpp, line 516]
Event: 325.952 Thread 0x0000021939354300 Exception <a 'sun/nio/fs/WindowsException'{0x00000000eb309450}> (0x00000000eb309450) 
thrown [s\src\hotspot\share\prims\jni.cpp, line 516]
Event: 325.953 Thread 0x0000021939354300 Exception <a 'sun/nio/fs/WindowsException'{0x00000000eb30e968}> (0x00000000eb30e968) 
thrown [s\src\hotspot\share\prims\jni.cpp, line 516]
Event: 325.954 Thread 0x0000021939354300 Exception <a 'sun/nio/fs/WindowsException'{0x00000000eb314660}> (0x00000000eb314660) 
thrown [s\src\hotspot\share\prims\jni.cpp, line 516]
Event: 325.955 Thread 0x0000021939354300 Exception <a 'sun/nio/fs/WindowsException'{0x00000000eb319e18}> (0x00000000eb319e18) 
thrown [s\src\hotspot\share\prims\jni.cpp, line 516]
Event: 325.955 Thread 0x0000021939354300 Exception <a 'sun/nio/fs/WindowsException'{0x00000000eb31fdc0}> (0x00000000eb31fdc0) 
thrown [s\src\hotspot\share\prims\jni.cpp, line 516]
Event: 325.956 Thread 0x000002193aaa90c0 Exception <a 'java/io/IOException'{0x00000000eb324820}> (0x00000000eb324820) 
thrown [s\src\hotspot\share\prims\jni.cpp, line 516]
Event: 325.956 Thread 0x000002193aaa90c0 Exception <a 'java/io/IOException'{0x00000000eb324b30}> (0x00000000eb324b30) 
thrown [s\src\hotspot\share\prims\jni.cpp, line 516]
Event: 325.956 Thread 0x000002193aaa90c0 Exception <a 'java/io/IOException'{0x00000000eb324e40}> (0x00000000eb324e40) 
thrown [s\src\hotspot\share\prims\jni.cpp, line 516]
Event: 325.957 Thread 0x000002193aaa90c0 Exception <a 'java/io/IOException'{0x00000000eb3264a8}> (0x00000000eb3264a8) 
thrown [s\src\hotspot\share\prims\jni.cpp, line 516]
Event: 325.957 Thread 0x000002193aaa90c0 Exception <a 'java/io/IOException'{0x00000000eb3267b8}> (0x00000000eb3267b8) 
thrown [s\src\hotspot\share\prims\jni.cpp, line 516]
Event: 325.957 Thread 0x000002193aaa90c0 Exception <a 'java/io/IOException'{0x00000000eb326ac8}> (0x00000000eb326ac8) 
thrown [s\src\hotspot\share\prims\jni.cpp, line 516]
Event: 325.959 Thread 0x0000021939354300 Exception <a 'sun/nio/fs/WindowsException'{0x00000000eb32bd10}> (0x00000000eb32bd10) 
thrown [s\src\hotspot\share\prims\jni.cpp, line 516]
Event: 325.960 Thread 0x0000021939354300 Exception <a 'sun/nio/fs/WindowsException'{0x00000000eb332018}> (0x00000000eb332018) 
thrown [s\src\hotspot\share\prims\jni.cpp, line 516]
Event: 325.964 Thread 0x0000021939354300 Exception <a 'sun/nio/fs/WindowsException'{0x00000000eb337490}> (0x00000000eb337490) 
thrown [s\src\hotspot\share\prims\jni.cpp, line 516]
Event: 325.965 Thread 0x0000021939354300 Exception <a 'sun/nio/fs/WindowsException'{0x00000000eb33cf20}> (0x00000000eb33cf20) 
thrown [s\src\hotspot\share\prims\jni.cpp, line 516]
Event: 325.968 Thread 0x0000021939354300 Exception <a 'sun/nio/fs/WindowsException'{0x00000000eb342700}> (0x00000000eb342700) 
thrown [s\src\hotspot\share\prims\jni.cpp, line 516]
Event: 325.972 Thread 0x0000021939354300 Exception <a 'sun/nio/fs/WindowsException'{0x00000000eb348770}> (0x00000000eb348770) 
thrown [s\src\hotspot\share\prims\jni.cpp, line 516]
Event: 325.978 Thread 0x0000021939354300 Exception <a 'sun/nio/fs/WindowsException'{0x00000000eb34e4d0}> (0x00000000eb34e4d0) 
thrown [s\src\hotspot\share\prims\jni.cpp, line 516]

VM Operations (20 events):
Event: 286.305 Executing VM operation: Cleanup
Event: 286.305 Executing VM operation: Cleanup done
Event: 288.305 Executing VM operation: Cleanup
Event: 288.305 Executing VM operation: Cleanup done
Event: 290.306 Executing VM operation: Cleanup
Event: 290.306 Executing VM operation: Cleanup done
Event: 293.308 Executing VM operation: Cleanup
Event: 293.308 Executing VM operation: Cleanup done
Event: 297.311 Executing VM operation: Cleanup
Event: 297.311 Executing VM operation: Cleanup done
Event: 306.316 Executing VM operation: Cleanup
Event: 306.316 Executing VM operation: Cleanup done
Event: 307.316 Executing VM operation: Cleanup
Event: 307.317 Executing VM operation: Cleanup done
Event: 315.321 Executing VM operation: Cleanup
Event: 315.321 Executing VM operation: Cleanup done
Event: 319.323 Executing VM operation: Cleanup
Event: 319.323 Executing VM operation: Cleanup done
Event: 324.325 Executing VM operation: Cleanup
Event: 324.326 Executing VM operation: Cleanup done

Events (20 events):
Event: 247.363 Thread 0x000002193aaa73e0 Thread exited: 0x000002193aaa73e0
Event: 247.954 Thread 0x000002193aaa90c0 Thread added: 0x000002193aaa90c0
Event: 247.955 Thread 0x000002193aaa73e0 Thread added: 0x000002193aaa73e0
Event: 274.705 Thread 0x000002193aaa78b0 Thread added: 0x000002193aaa78b0
Event: 274.726 Thread 0x000002193aaab740 Thread added: 0x000002193aaab740
Event: 274.727 Thread 0x000002193aaabc10 Thread added: 0x000002193aaabc10
Event: 275.078 Thread 0x000002193aaac0e0 Thread added: 0x000002193aaac0e0
Event: 275.344 Thread 0x000002193aaa9a60 Thread added: 0x000002193aaa9a60
Event: 275.354 Thread 0x000002193aaac5b0 Thread added: 0x000002193aaac5b0
Event: 275.354 Thread 0x000002193aaaca80 Thread added: 0x000002193aaaca80
Event: 275.356 Thread 0x000002193aaac5b0 Thread exited: 0x000002193aaac5b0
Event: 278.222 Thread 0x000002193aaaca80 Thread exited: 0x000002193aaaca80
Event: 278.222 Thread 0x000002193aaa9a60 Thread exited: 0x000002193aaa9a60
Event: 278.321 Thread 0x000002193aaaca80 Thread added: 0x000002193aaaca80
Event: 278.321 Thread 0x000002193aaaca80 Thread exited: 0x000002193aaaca80
Event: 278.322 Thread 0x000002193aaac5b0 Thread added: 0x000002193aaac5b0
Event: 325.906 Thread 0x000002193aaac5b0 Thread exited: 0x000002193aaac5b0
Event: 325.907 Thread 0x000002193aaac0e0 Thread exited: 0x000002193aaac0e0
Event: 325.908 Thread 0x000002193aaa73e0 Thread exited: 0x000002193aaa73e0
Event: 325.920 Thread 0x000002193a7879b0 Thread added: 0x000002193a7879b0


Dynamic libraries:
0x00007ff616bb0000 - 0x00007ff616bbe000 	c:\Users\Hamzic\.vscode\extensions\redhat.java-1.19.0-win32-x64\jre\17.0.7-win32-x86_64\bin\java.exe
0x00007ffcbc830000 - 0x00007ffcbca45000 	C:\WINDOWS\SYSTEM32\ntdll.dll
0x00007ffcbb570000 - 0x00007ffcbb634000 	C:\WINDOWS\System32\KERNEL32.DLL
0x00007ffcb9fb0000 - 0x00007ffcba354000 	C:\WINDOWS\System32\KERNELBASE.dll
0x00007ffcb9d30000 - 0x00007ffcb9e41000 	C:\WINDOWS\System32\ucrtbase.dll
0x00007ffcb6cd0000 - 0x00007ffcb6ce7000 	c:\Users\Hamzic\.vscode\extensions\redhat.java-1.19.0-win32-x64\jre\17.0.7-win32-x86_64\bin\jli.dll
0x00007ffcbc580000 - 0x00007ffcbc72b000 	C:\WINDOWS\System32\USER32.dll
0x00007ffcb9e50000 - 0x00007ffcb9e76000 	C:\WINDOWS\System32\win32u.dll
0x00007ffcba5f0000 - 0x00007ffcba619000 	C:\WINDOWS\System32\GDI32.dll
0x00007ffcb9c10000 - 0x00007ffcb9d28000 	C:\WINDOWS\System32\gdi32full.dll
0x00007ffcba550000 - 0x00007ffcba5ea000 	C:\WINDOWS\System32\msvcp_win.dll
0x00007ffcb6970000 - 0x00007ffcb6989000 	c:\Users\Hamzic\.vscode\extensions\redhat.java-1.19.0-win32-x64\jre\17.0.7-win32-x86_64\bin\VCRUNTIME140.dll
0x00007ffc9c0a0000 - 0x00007ffc9c32f000 	C:\WINDOWS\WinSxS\amd64_microsoft.windows.common-controls_6595b64144ccf1df_6.0.23466.1001_none_ed8be14996e29fd7\COMCTL32.dll
0x00007ffcbc740000 - 0x00007ffcbc7e7000 	C:\WINDOWS\System32\msvcrt.dll
0x00007ffcbb920000 - 0x00007ffcbb951000 	C:\WINDOWS\System32\IMM32.DLL
0x00007ffcb6850000 - 0x00007ffcb685c000 	c:\Users\Hamzic\.vscode\extensions\redhat.java-1.19.0-win32-x64\jre\17.0.7-win32-x86_64\bin\vcruntime140_1.dll
0x00007ffcaf360000 - 0x00007ffcaf3f1000 	c:\Users\Hamzic\.vscode\extensions\redhat.java-1.19.0-win32-x64\jre\17.0.7-win32-x86_64\bin\msvcp140.dll
0x00007ffc6fea0000 - 0x00007ffc70ae8000 	c:\Users\Hamzic\.vscode\extensions\redhat.java-1.19.0-win32-x64\jre\17.0.7-win32-x86_64\bin\server\jvm.dll
0x00007ffcbb4c0000 - 0x00007ffcbb56e000 	C:\WINDOWS\System32\ADVAPI32.dll
0x00007ffcbb870000 - 0x00007ffcbb914000 	C:\WINDOWS\System32\sechost.dll
0x00007ffcbc400000 - 0x00007ffcbc517000 	C:\WINDOWS\System32\RPCRT4.dll
0x00007ffca0230000 - 0x00007ffca0239000 	C:\WINDOWS\SYSTEM32\WSOCK32.dll
0x00007ffcba620000 - 0x00007ffcba691000 	C:\WINDOWS\System32\WS2_32.dll
0x00007ffcb2e10000 - 0x00007ffcb2e44000 	C:\WINDOWS\SYSTEM32\WINMM.dll
0x00007ffcb3150000 - 0x00007ffcb315a000 	C:\WINDOWS\SYSTEM32\VERSION.dll
0x00007ffcb8c20000 - 0x00007ffcb8c38000 	C:\WINDOWS\SYSTEM32\kernel.appcore.dll
0x00007ffcb6840000 - 0x00007ffcb684a000 	c:\Users\Hamzic\.vscode\extensions\redhat.java-1.19.0-win32-x64\jre\17.0.7-win32-x86_64\bin\jimage.dll
0x00007ffcae6f0000 - 0x00007ffcae91e000 	C:\WINDOWS\SYSTEM32\DBGHELP.DLL
0x00007ffcbaba0000 - 0x00007ffcbaf2a000 	C:\WINDOWS\System32\combase.dll
0x00007ffcbb9c0000 - 0x00007ffcbba97000 	C:\WINDOWS\System32\OLEAUT32.dll
0x00007ffca73b0000 - 0x00007ffca73e2000 	C:\WINDOWS\SYSTEM32\dbgcore.DLL
0x00007ffcba4d0000 - 0x00007ffcba54b000 	C:\WINDOWS\System32\bcryptPrimitives.dll
0x00007ffcb66a0000 - 0x00007ffcb66ae000 	c:\Users\Hamzic\.vscode\extensions\redhat.java-1.19.0-win32-x64\jre\17.0.7-win32-x86_64\bin\instrument.dll
0x00007ffcb0130000 - 0x00007ffcb0155000 	c:\Users\Hamzic\.vscode\extensions\redhat.java-1.19.0-win32-x64\jre\17.0.7-win32-x86_64\bin\java.dll
0x00007ffcb3760000 - 0x00007ffcb3778000 	c:\Users\Hamzic\.vscode\extensions\redhat.java-1.19.0-win32-x64\jre\17.0.7-win32-x86_64\bin\zip.dll
0x00007ffcbbbd0000 - 0x00007ffcbc3f2000 	C:\WINDOWS\System32\SHELL32.dll
0x00007ffcb7ba0000 - 0x00007ffcb848d000 	C:\WINDOWS\SYSTEM32\windows.storage.dll
0x00007ffcb7a60000 - 0x00007ffcb7b9e000 	C:\WINDOWS\SYSTEM32\wintypes.dll
0x00007ffcbaa20000 - 0x00007ffcbab13000 	C:\WINDOWS\System32\SHCORE.dll
0x00007ffcbc520000 - 0x00007ffcbc57e000 	C:\WINDOWS\System32\shlwapi.dll
0x00007ffcb9b40000 - 0x00007ffcb9b61000 	C:\WINDOWS\SYSTEM32\profapi.dll
0x00007ffcaf340000 - 0x00007ffcaf359000 	C:\Users\Hamzic\.vscode\extensions\redhat.java-1.19.0-win32-x64\jre\17.0.7-win32-x86_64\bin\net.dll
0x00007ffcb1a70000 - 0x00007ffcb1ba7000 	C:\WINDOWS\SYSTEM32\WINHTTP.dll
0x00007ffcb9080000 - 0x00007ffcb90e9000 	C:\WINDOWS\system32\mswsock.dll
0x00007ffcaf320000 - 0x00007ffcaf335000 	C:\Users\Hamzic\.vscode\extensions\redhat.java-1.19.0-win32-x64\jre\17.0.7-win32-x86_64\bin\nio.dll
0x00007ffcafde0000 - 0x00007ffcafdf0000 	c:\Users\Hamzic\.vscode\extensions\redhat.java-1.19.0-win32-x64\jre\17.0.7-win32-x86_64\bin\verify.dll
0x00007ffcaf2a0000 - 0x00007ffcaf2de000 	C:\Users\Hamzic\AppData\Roaming\Code\User\globalStorage\redhat.java\1.19.0\config_win\org.eclipse.equinox.launcher\org.eclipse.equinox.launcher.win32.win32.x86_64_1.2.700.v20221108-1024\eclipse_11801.dll
0x00007ffcba7a0000 - 0x00007ffcba93c000 	C:\WINDOWS\System32\ole32.dll
0x00007ffcb93a0000 - 0x00007ffcb93bb000 	C:\WINDOWS\SYSTEM32\CRYPTSP.dll
0x00007ffcb8b90000 - 0x00007ffcb8bc5000 	C:\WINDOWS\system32\rsaenh.dll
0x00007ffcb9120000 - 0x00007ffcb9148000 	C:\WINDOWS\SYSTEM32\USERENV.dll
0x00007ffcb94f0000 - 0x00007ffcb9518000 	C:\WINDOWS\SYSTEM32\bcrypt.dll
0x00007ffcb9380000 - 0x00007ffcb938c000 	C:\WINDOWS\SYSTEM32\CRYPTBASE.dll
0x00007ffcb86f0000 - 0x00007ffcb871d000 	C:\WINDOWS\SYSTEM32\IPHLPAPI.DLL
0x00007ffcbb030000 - 0x00007ffcbb039000 	C:\WINDOWS\System32\NSI.dll
0x00007ffcb1720000 - 0x00007ffcb1739000 	C:\WINDOWS\SYSTEM32\dhcpcsvc6.DLL
0x00007ffcb1700000 - 0x00007ffcb171f000 	C:\WINDOWS\SYSTEM32\dhcpcsvc.DLL
0x00007ffcb8760000 - 0x00007ffcb8853000 	C:\WINDOWS\SYSTEM32\DNSAPI.dll
0x00007ffcab810000 - 0x00007ffcab855000 	C:\Users\Hamzic\AppData\Local\Temp\jna--2140719072\jna2504538776643339028.dll
0x00007ffcbc730000 - 0x00007ffcbc738000 	C:\WINDOWS\System32\PSAPI.DLL
0x00007ffc81e80000 - 0x00007ffc81ea7000 	C:\Users\Hamzic\.gradle\native\68d5fa5c4cc2d200863cafc0d521ce42e7d3e7ee720ec0a83991735586a16f82\windows-amd64\native-platform.dll
0x00007ffcaf250000 - 0x00007ffcaf259000 	C:\Users\Hamzic\.vscode\extensions\redhat.java-1.19.0-win32-x64\jre\17.0.7-win32-x86_64\bin\management.dll
0x00007ffcaf240000 - 0x00007ffcaf24b000 	C:\Users\Hamzic\.vscode\extensions\redhat.java-1.19.0-win32-x64\jre\17.0.7-win32-x86_64\bin\management_ext.dll
0x00007ffcaec20000 - 0x00007ffcaec2e000 	C:\Users\Hamzic\.vscode\extensions\redhat.java-1.19.0-win32-x64\jre\17.0.7-win32-x86_64\bin\sunmscapi.dll
0x00007ffcba360000 - 0x00007ffcba4c7000 	C:\WINDOWS\System32\CRYPT32.dll
0x00007ffcb94c0000 - 0x00007ffcb94ee000 	C:\WINDOWS\SYSTEM32\ncrypt.dll
0x00007ffcb9480000 - 0x00007ffcb94b7000 	C:\WINDOWS\SYSTEM32\NTASN1.dll
0x00007ffcac2e0000 - 0x00007ffcac2ea000 	C:\Windows\System32\rasadhlp.dll
0x00007ffcaf450000 - 0x00007ffcaf4d4000 	C:\WINDOWS\System32\fwpuclnt.dll
0x00007ffcab790000 - 0x00007ffcab7b7000 	C:\Users\Hamzic\.gradle\native\e1d6ef7f7dcc3fd88c89a11ec53ec762bb8ba0a96d01ffa2cd45eb1d1d8dd5c5\windows-amd64\native-platform.dll
0x00007ffca32e0000 - 0x00007ffca32e8000 	C:\WINDOWS\system32\wshunix.dll
0x00007ffcab510000 - 0x00007ffcab537000 	C:\Users\Hamzic\.gradle\native\e1d6ef7f7dcc3fd88c89a11ec53ec762bb8ba0a96d01ffa2cd45eb1d1d8dd5c5\windows-amd64-min\native-platform.dll

dbghelp: loaded successfully - version: 4.0.5 - missing functions: none
symbol engine: initialized successfully - sym options: 0x614 - pdb path: .;c:\Users\Hamzic\.vscode\extensions\redhat.java-1.19.0-win32-x64\jre\17.0.7-win32-x86_64\bin;C:\WINDOWS\SYSTEM32;C:\WINDOWS\WinSxS\amd64_microsoft.windows.common-controls_6595b64144ccf1df_6.0.23466.1001_none_ed8be14996e29fd7;c:\Users\Hamzic\.vscode\extensions\redhat.java-1.19.0-win32-x64\jre\17.0.7-win32-x86_64\bin\server;C:\Users\Hamzic\AppData\Roaming\Code\User\globalStorage\redhat.java\1.19.0\config_win\org.eclipse.equinox.launcher\org.eclipse.equinox.launcher.win32.win32.x86_64_1.2.700.v20221108-1024;C:\Users\Hamzic\AppData\Local\Temp\jna--2140719072;C:\Users\Hamzic\.gradle\native\68d5fa5c4cc2d200863cafc0d521ce42e7d3e7ee720ec0a83991735586a16f82\windows-amd64;C:\Users\Hamzic\.gradle\native\e1d6ef7f7dcc3fd88c89a11ec53ec762bb8ba0a96d01ffa2cd45eb1d1d8dd5c5\windows-amd64;C:\Users\Hamzic\.gradle\native\e1d6ef7f7dcc3fd88c89a11ec53ec762bb8ba0a96d01ffa2cd45eb1d1d8dd5c5\windows-amd64-min

VM Arguments:
jvm_args: --add-modules=ALL-SYSTEM --add-opens=java.base/java.util=ALL-UNNAMED --add-opens=java.base/java.lang=ALL-UNNAMED --add-opens=java.base/sun.nio.fs=ALL-UNNAMED -Declipse.application=org.eclipse.jdt.ls.core.id1 -Dosgi.bundles.defaultStartLevel=4 -Declipse.product=org.eclipse.jdt.ls.core.product -Djava.import.generatesMetadataFilesAtProjectRoot=false -Dfile.encoding=utf8 -XX:+UseParallelGC -XX:GCTimeRatio=4 -XX:AdaptiveSizePolicyWeight=90 -Dsun.zip.disableMemoryMapping=true -Xmx1G -Xms100m -Xlog:disable -javaagent:c:\Users\Hamzic\.vscode\extensions\redhat.java-1.19.0-win32-x64\lombok\lombok-1.18.28.jar -XX:+HeapDumpOnOutOfMemoryError -XX:HeapDumpPath=c:\Users\Hamzic\AppData\Roaming\Code\User\workspaceStorage\81defa31273f0fbee4d63b5c001e59b1\redhat.java -Daether.dependencyCollector.impl=bf 
java_command: c:\Users\Hamzic\.vscode\extensions\redhat.java-1.19.0-win32-x64\server\plugins\org.eclipse.equinox.launcher_1.6.400.v20210924-0641.jar -configuration c:\Users\Hamzic\AppData\Roaming\Code\User\globalStorage\redhat.java\1.19.0\config_win -data c:\Users\Hamzic\AppData\Roaming\Code\User\workspaceStorage\81defa31273f0fbee4d63b5c001e59b1\redhat.java\jdt_ws
java_class_path (initial): c:\Users\Hamzic\.vscode\extensions\redhat.java-1.19.0-win32-x64\server\plugins\org.eclipse.equinox.launcher_1.6.400.v20210924-0641.jar
Launcher Type: SUN_STANDARD

[Global flags]
    uintx AdaptiveSizePolicyWeight                 = 90                                        {product} {command line}
     intx CICompilerCount                          = 3                                         {product} {ergonomic}
    uintx GCTimeRatio                              = 4                                         {product} {command line}
     bool HeapDumpOnOutOfMemoryError               = true                                   {manageable} {command line}
    ccstr HeapDumpPath                             = c:\Users\Hamzic\AppData\Roaming\Code\User\workspaceStorage\81defa31273f0fbee4d63b5c001e59b1\redhat.java         {manageable} {command line}
   size_t InitialHeapSize                          = 104857600                                 {product} {command line}
   size_t MaxHeapSize                              = 1073741824                                {product} {command line}
   size_t MaxNewSize                               = 357564416                                 {product} {ergonomic}
   size_t MinHeapDeltaBytes                        = 524288                                    {product} {ergonomic}
   size_t MinHeapSize                              = 104857600                                 {product} {command line}
   size_t NewSize                                  = 34603008                                  {product} {ergonomic}
    uintx NonNMethodCodeHeapSize                   = 5832780                                {pd product} {ergonomic}
    uintx NonProfiledCodeHeapSize                  = 122912730                              {pd product} {ergonomic}
   size_t OldSize                                  = 70254592                                  {product} {ergonomic}
    uintx ProfiledCodeHeapSize                     = 122912730                              {pd product} {ergonomic}
    uintx ReservedCodeCacheSize                    = 251658240                              {pd product} {ergonomic}
     bool SegmentedCodeCache                       = true                                      {product} {ergonomic}
   size_t SoftMaxHeapSize                          = 1073741824                             {manageable} {ergonomic}
     bool UseCompressedClassPointers               = true                           {product lp64_product} {ergonomic}
     bool UseCompressedOops                        = true                           {product lp64_product} {ergonomic}
     bool UseLargePagesIndividualAllocation        = false                                  {pd product} {ergonomic}
     bool UseParallelGC                            = true                                      {product} {command line}

Logging:
Log output configuration:
 #0: stdout all=off uptime,level,tags
 #1: stderr all=off uptime,level,tags

Environment Variables:
PATH=C:\Program Files\Common Files\Oracle\Java\javapath;C:\Program Files (x86)\Common Files\Oracle\Java\javapath;C:\ProgramData\Oracle\Java\javapath;C:\Windows\system32;C:\Windows;C:\Windows\System32\Wbem;C:\Windows\System32\WindowsPowerShell\v1.0\;C:\Windows\System32\OpenSSH\;C:\Program Files\Git\cmd;C:\Program Files\dotnet\;C:\Program Files\Microsoft SQL Server\150\Tools\Binn\;C:\Program Files\Microsoft SQL Server\Client SDK\ODBC\170\Tools\Binn\;C:\Program Files (x86)\Microsoft SQL Server\150\Tools\Binn\;C:\Program Files\Microsoft SQL Server\150\DTS\Binn\;C:\Program Files\Azure Data Studio\bin;C:\WINDOWS\system32;C:\WINDOWS;C:\WINDOWS\System32\Wbem;C:\WINDOWS\System32\WindowsPowerShell\v1.0\;C:\WINDOWS\System32\OpenSSH\;C:\Program Files\nodejs\;C:\Program Files (x86)\Microsoft SQL Server\160\Tools\Binn\;C:\Program Files\Microsoft SQL Server\160\Tools\Binn\;C:\Program Files\Microsoft SQL Server\160\DTS\Binn\;C:\Program Files (x86)\Microsoft SQL Server\160\DTS\Binn\;C:\Ruby32-x64\bin;C:\ProgramData\Oracle\Java\javapath;C:\Windows\system32;C:\Windows;C:\Windows\System32\Wbem;C:\Windows\System32\WindowsPowerShell\v1.0\;C:\Windows\System32\OpenSSH\;C:\Program Files\Git\cmd;C:\Program Files\nodejs\;C:\Program Files\dotnet\;C:\Users\Hamzic\AppData\Local\Microsoft\WindowsApps;C:\Users\Hamzic\AppData\Local\Programs\Microsoft VS Code\bin;C:\Users\Hamzic\AppData\Local\Programs\Python\Python310\Scripts;C:\Users\Hamzic\.dotnet\tools;C:\Program Files\MySQL\MySQL Server 8.0\bin;C:\Users\Hamzic\Downloads\chromedriver_win32;C:\Users\Hamzic\Downloads\geckodriver-v0.31.0-win64;C:\Program Files\Azure Data Studio\bin;C:\Users\Hamzic\AppData\Local\Packages\PythonSoftwareFoundation.Python.3.10_qbz5n2kfra8p0\LocalCache\local-packages\Python310\Scripts;C:\MinGW\bin;C:\xampp\php;C:\Users\Hamzic\AppData\Roaming\Composer\vendor\bin;C:\Users\Hamzic\AppData\Local\Microsoft\WindowsApps;C:\Program Files\JetBrains\IntelliJ IDEA Community Edition 2022.3.2\bin;;C:\Users\Hamzic\AppData\Roaming\npm;C:\U
USERNAME=Hamzic
TMPDIR=C:\Users\Public\Documents\Wondershare\CreatorTemp
OS=Windows_NT
PROCESSOR_IDENTIFIER=AMD64 Family 23 Model 24 Stepping 1, AuthenticAMD
TMP=C:\Users\Hamzic\AppData\Local\Temp
TEMP=C:\Users\Hamzic\AppData\Local\Temp



---------------  S Y S T E M  ---------------

OS:
 Windows 11 , 64 bit Build 23466 (10.0.23466.1001)
OS uptime: 0 days 14:15 hours
Hyper-V role detected

CPU: total 4 (initial active 4) (4 cores per cpu, 1 threads per core) family 23 model 24 stepping 1 microcode 0x0, cx8, cmov, fxsr, mmx, 3dnowpref, sse, sse2, sse3, ssse3, sse4a, sse4.1, sse4.2, popcnt, lzcnt, tsc, tscinvbit, avx, avx2, aes, clmul, bmi1, bmi2, adx, sha, fma, vzeroupper, clflush, clflushopt, hv

Memory: 4k page, system-wide physical 14266M (489M free)
TotalPageFile size 20266M (AvailPageFile size 3M)
current process WorkingSet (physical memory assigned to process): 275M, peak: 298M
current process commit charge ("private bytes"): 334M, peak: 358M

vm_info: OpenJDK 64-Bit Server VM (17.0.7+7) for windows-amd64 JRE (17.0.7+7), built on Apr 18 2023 22:10:42 by "temurin" with MS VC++ 16.7 (VS2019)

END.
