#
# There is insufficient memory for the Java Runtime Environment to continue.
# Native memory allocation (malloc) failed to allocate 859936 bytes for Chunk::new
# Possible reasons:
#   The system is out of physical RAM or swap space
#   The process is running with CompressedOops enabled, and the Java Heap may be blocking the growth of the native heap
# Possible solutions:
#   Reduce memory load on the system
#   Increase physical memory or swap space
#   Check if swap backing store is full
#   Decrease Java heap size (-Xmx/-Xms)
#   Decrease number of Java threads
#   Decrease Java thread stack sizes (-Xss)
#   Set larger code cache with -XX:ReservedCodeCacheSize=
#   JVM is running with Unscaled Compressed Oops mode in which the Java heap is
#     placed in the first 4GB address space. The Java Heap base address is the
#     maximum limit for the native heap growth. Please use -XX:HeapBaseMinAddress
#     to set the Java Heap base and to place the Java Heap above 4GB virtual address.
# This output file may be truncated or incomplete.
#
#  Out of Memory Error (allocation.cpp:389), pid=11700, tid=0x0000000000000c64
#
# JRE version: Java(TM) SE Runtime Environment (8.0_361) (build 1.8.0_361-b09)
# Java VM: Java HotSpot(TM) 64-Bit Server VM (25.361-b09 mixed mode windows-amd64 compressed oops)
# Failed to write core dump. Minidumps are not enabled by default on client versions of Windows
#

---------------  T H R E A D  ---------------

Current thread (0x000001cfd014b800):  JavaThread "C2 CompilerThread0" daemon [_thread_in_native, id=3172, stack(0x0000003dcf700000,0x0000003dcf800000)]

Stack: [0x0000003dcf700000,0x0000003dcf800000]
Native frames: (J=compiled Java code, j=interpreted, Vv=VM code, C=native code)
V  [jvm.dll+0x3317a9]
V  [jvm.dll+0x277c4e]
V  [jvm.dll+0x27888d]
V  [jvm.dll+0x26f0d5]
V  [jvm.dll+0xd590c]
V  [jvm.dll+0xd610c]
V  [jvm.dll+0x455cd2]
V  [jvm.dll+0x490d8d]
V  [jvm.dll+0x445239]
V  [jvm.dll+0x442abb]
V  [jvm.dll+0x42d98b]
V  [jvm.dll+0xac70b]
V  [jvm.dll+0xaad6b]
V  [jvm.dll+0x23ffb2]
V  [jvm.dll+0x294a5c]
C  [ucrtbase.dll+0x29363]
C  [KERNEL32.DLL+0x126ad]
C  [ntdll.dll+0x5aa08]


Current CompileTask:
C2:   8479 3391       4       java.net.URLClassLoader$1::run (5 bytes)


---------------  P R O C E S S  ---------------

Java Threads: ( => current thread )
  0x000001cfd2005000 JavaThread "jar transforms Thread 4" [_thread_in_native, id=9732, stack(0x0000003dd1300000,0x0000003dd1400000)]
  0x000001cfd2000800 JavaThread "jar transforms Thread 3" [_thread_blocked, id=128, stack(0x0000003dd1200000,0x0000003dd1300000)]
  0x000001cfd2004000 JavaThread "Cache worker for execution history cache (C:\Users\Hamzic\.gradle\caches\7.4.2\executionHistory)" [_thread_blocked, id=12992, stack(0x0000003dd1100000,0x0000003dd1200000)]
  0x000001cfd2003800 JavaThread "Cache worker for cache directory md-supplier (C:\Users\Hamzic\.gradle\caches\7.4.2\md-supplier)" [_thread_blocked, id=5876, stack(0x0000003dd1000000,0x0000003dd1100000)]
  0x000001cfd340c800 JavaThread "Cache worker for file hash cache (D:\Ensar\projects\cloudkeep\frontend\android\.gradle\7.4.2\fileHashes)" [_thread_blocked, id=8344, stack(0x0000003dd0f00000,0x0000003dd1000000)]
  0x000001cfd340b000 JavaThread "Cache worker for cache directory md-rule (C:\Users\Hamzic\.gradle\caches\7.4.2\md-rule)" [_thread_blocked, id=15152, stack(0x0000003dd0e00000,0x0000003dd0f00000)]
  0x000001cfd340b800 JavaThread "Cache worker for checksums cache (D:\Ensar\projects\cloudkeep\frontend\android\.gradle\7.4.2\checksums)" [_thread_blocked, id=10804, stack(0x0000003dd0d00000,0x0000003dd0e00000)]
  0x000001cfd340e800 JavaThread "jar transforms Thread 2" [_thread_blocked, id=3180, stack(0x0000003dd0c00000,0x0000003dd0d00000)]
  0x000001cfd340f800 JavaThread "jar transforms" [_thread_blocked, id=1380, stack(0x0000003dd0b00000,0x0000003dd0c00000)]
  0x000001cfd340e000 JavaThread "File watcher consumer" daemon [_thread_blocked, id=10652, stack(0x0000003dd0a00000,0x0000003dd0b00000)]
  0x000001cfd340a000 JavaThread "File watcher server" daemon [_thread_in_native, id=4592, stack(0x0000003dd0900000,0x0000003dd0a00000)]
  0x000001cfd340d000 JavaThread "Cache worker for file hash cache (C:\Users\Hamzic\.gradle\caches\7.4.2\fileHashes)" [_thread_blocked, id=14128, stack(0x0000003dd0800000,0x0000003dd0900000)]
  0x000001cfd3411000 JavaThread "File lock request listener" [_thread_in_native, id=16508, stack(0x0000003dd0700000,0x0000003dd0800000)]
  0x000001cfd3410000 JavaThread "Cache worker for journal cache (C:\Users\Hamzic\.gradle\caches\journal-1)" [_thread_blocked, id=11792, stack(0x0000003dd0600000,0x0000003dd0700000)]
  0x000001cfd2aa0000 JavaThread "Daemon client event forwarder" [_thread_blocked, id=4000, stack(0x0000003dd0500000,0x0000003dd0600000)]
  0x000001cfd2ac5000 JavaThread "Stdin handler" [_thread_blocked, id=8164, stack(0x0000003dd0400000,0x0000003dd0500000)]
  0x000001cfd2a90800 JavaThread "Asynchronous log dispatcher for DefaultDaemonConnection: socket connection from /127.0.0.1:54898 to /127.0.0.1:54899" [_thread_blocked, id=12740, stack(0x0000003dd0300000,0x0000003dd0400000)]
  0x000001cfd2ab1000 JavaThread "Daemon worker" [_thread_blocked, id=17024, stack(0x0000003dd0200000,0x0000003dd0300000)]
  0x000001cfd2ab0000 JavaThread "Cancel handler" [_thread_blocked, id=14808, stack(0x0000003dd0100000,0x0000003dd0200000)]
  0x000001cfd2960800 JavaThread "Handler for socket connection from /127.0.0.1:54898 to /127.0.0.1:54899" [_thread_in_native, id=12252, stack(0x0000003dd0000000,0x0000003dd0100000)]
  0x000001cfd2958800 JavaThread "Daemon" [_thread_blocked, id=3092, stack(0x0000003dcff00000,0x0000003dd0000000)]
  0x000001cfd2937000 JavaThread "Daemon periodic checks" [_thread_blocked, id=17204, stack(0x0000003dcfe00000,0x0000003dcff00000)]
  0x000001cfd2912000 JavaThread "Incoming local TCP Connector on port 54898" [_thread_in_native, id=15216, stack(0x0000003dcfd00000,0x0000003dcfe00000)]
  0x000001cfd221b000 JavaThread "Daemon health stats" [_thread_blocked, id=15372, stack(0x0000003dcfc00000,0x0000003dcfd00000)]
  0x000001cfd01ce800 JavaThread "Service Thread" daemon [_thread_blocked, id=16420, stack(0x0000003dcfa00000,0x0000003dcfb00000)]
  0x000001cfd019c000 JavaThread "C1 CompilerThread2" daemon [_thread_blocked, id=8640, stack(0x0000003dcf900000,0x0000003dcfa00000)]
  0x000001cfd014d800 JavaThread "C2 CompilerThread1" daemon [_thread_in_native, id=10632, stack(0x0000003dcf800000,0x0000003dcf900000)]
=>0x000001cfd014b800 JavaThread "C2 CompilerThread0" daemon [_thread_in_native, id=3172, stack(0x0000003dcf700000,0x0000003dcf800000)]
  0x000001cfd0148800 JavaThread "Attach Listener" daemon [_thread_blocked, id=536, stack(0x0000003dcf600000,0x0000003dcf700000)]
  0x000001cfd0148000 JavaThread "Signal Dispatcher" daemon [_thread_blocked, id=2668, stack(0x0000003dcf500000,0x0000003dcf600000)]
  0x000001cfd012c000 JavaThread "Finalizer" daemon [_thread_blocked, id=16868, stack(0x0000003dcf400000,0x0000003dcf500000)]
  0x000001cfcf9fb000 JavaThread "Reference Handler" daemon [_thread_blocked, id=8500, stack(0x0000003dcf300000,0x0000003dcf400000)]
  0x000001cfb99b7800 JavaThread "main" [_thread_blocked, id=14772, stack(0x0000003dced00000,0x0000003dcee00000)]

Other Threads:
  0x000001cfd0104000 VMThread [stack: 0x0000003dcf200000,0x0000003dcf300000] [id=2428]
  0x000001cfd01d4800 WatcherThread [stack: 0x0000003dcfb00000,0x0000003dcfc00000] [id=6508]

VM state:not at safepoint (normal execution)

VM Mutex/Monitor currently owned by a thread: None

heap address: 0x0000000080000000, size: 2048 MB, Compressed Oops mode: 32-bit
Narrow klass base: 0x0000000000000000, Narrow klass shift: 3
Compressed class space size: 1073741824 Address: 0x0000000100000000

Heap:
 PSYoungGen      total 121344K, used 22755K [0x00000000d5580000, 0x00000000e3280000, 0x0000000100000000)
  eden space 108544K, 20% used [0x00000000d5580000,0x00000000d6bb8ff8,0x00000000dbf80000)
  from space 12800K, 0% used [0x00000000dbf80000,0x00000000dbf80000,0x00000000dcc00000)
  to   space 14848K, 0% used [0x00000000e2400000,0x00000000e2400000,0x00000000e3280000)
 ParOldGen       total 75264K, used 20860K [0x0000000080000000, 0x0000000084980000, 0x00000000d5580000)
  object space 75264K, 27% used [0x0000000080000000,0x000000008145f050,0x0000000084980000)
 Metaspace       used 38209K, capacity 39842K, committed 40064K, reserved 1083392K
  class space    used 5556K, capacity 5910K, committed 6016K, reserved 1048576K

Card table byte_map: [0x000001cfca610000,0x000001cfcaa20000] byte_map_base: 0x000001cfca210000

Marking Bits: (ParMarkBitMap*) 0x000000006c3cb090
 Begin Bits: [0x000001cfcacd0000, 0x000001cfcccd0000)
 End Bits:   [0x000001cfcccd0000, 0x000001cfcecd0000)

Polling page: 0x000001cfbb220000

CodeCache: size=245760Kb used=9802Kb max_used=10884Kb free=235957Kb
 bounds [0x000001cfbb250000, 0x000001cfbbd20000, 0x000001cfca250000]
 total_blobs=3554 nmethods=2967 adapters=500
 compilation: enabled

Compilation events (10 events):
Event: 8.406 Thread 0x000001cfd019c000 3458       3       org.gradle.internal.event.BroadcastDispatch$SingletonDispatch::dispatch (9 bytes)
Event: 8.407 Thread 0x000001cfd019c000 nmethod 3458 0x000001cfbb844c50 code [0x000001cfbb844dc0, 0x000001cfbb845130]
Event: 8.407 Thread 0x000001cfd019c000 3459       3       org.gradle.internal.event.BroadcastDispatch$SingletonDispatch::dispatch (10 bytes)
Event: 8.407 Thread 0x000001cfd019c000 nmethod 3459 0x000001cfbbb3d510 code [0x000001cfbbb3d680, 0x000001cfbbb3d890]
Event: 8.414 Thread 0x000001cfd014d800 3460       4       sun.security.provider.DigestBase::implCompressMultiBlock (23 bytes)
Event: 8.414 Thread 0x000001cfd019c000 3461       1       com.google.common.cache.LocalCache$StrongEntry::getValueReference (5 bytes)
Event: 8.415 Thread 0x000001cfd019c000 nmethod 3461 0x000001cfbb97c190 code [0x000001cfbb97c2e0, 0x000001cfbb97c3f8]
Event: 8.415 Thread 0x000001cfd014d800 nmethod 3460 0x000001cfbb4a1150 code [0x000001cfbb4a1280, 0x000001cfbb4a1338]
Event: 8.437 Thread 0x000001cfd019c000 3462       1       sun.nio.ch.NativeThread::current (2 bytes)
Event: 8.438 Thread 0x000001cfd019c000 nmethod 3462 0x000001cfbbb514d0 code [0x000001cfbbb51620, 0x000001cfbbb51718]

GC Heap History (10 events):
Event: 4.582 GC heap before
{Heap before GC invocations=5 (full 0):
 PSYoungGen      total 67072K, used 10967K [0x00000000d5580000, 0x00000000dd880000, 0x0000000100000000)
  eden space 57856K, 3% used [0x00000000d5580000,0x00000000d57397e8,0x00000000d8e00000)
  from space 9216K, 99% used [0x00000000d9700000,0x00000000d9ffc720,0x00000000da000000)
  to   space 9216K, 0% used [0x00000000d8e00000,0x00000000d8e00000,0x00000000d9700000)
 ParOldGen       total 153088K, used 2684K [0x0000000080000000, 0x0000000089580000, 0x00000000d5580000)
  object space 153088K, 1% used [0x0000000080000000,0x000000008029f3d0,0x0000000089580000)
 Metaspace       used 20430K, capacity 21156K, committed 21296K, reserved 1067008K
  class space    used 3029K, capacity 3194K, committed 3200K, reserved 1048576K
Event: 4.587 GC heap after
Heap after GC invocations=5 (full 0):
 PSYoungGen      total 67072K, used 7832K [0x00000000d5580000, 0x00000000ddf80000, 0x0000000100000000)
  eden space 57856K, 0% used [0x00000000d5580000,0x00000000d5580000,0x00000000d8e00000)
  from space 9216K, 84% used [0x00000000d8e00000,0x00000000d95a63b8,0x00000000d9700000)
  to   space 12800K, 0% used [0x00000000dd300000,0x00000000dd300000,0x00000000ddf80000)
 ParOldGen       total 153088K, used 2692K [0x0000000080000000, 0x0000000089580000, 0x00000000d5580000)
  object space 153088K, 1% used [0x0000000080000000,0x00000000802a13d0,0x0000000089580000)
 Metaspace       used 20430K, capacity 21156K, committed 21296K, reserved 1067008K
  class space    used 3029K, capacity 3194K, committed 3200K, reserved 1048576K
}
Event: 4.587 GC heap before
{Heap before GC invocations=6 (full 1):
 PSYoungGen      total 67072K, used 7832K [0x00000000d5580000, 0x00000000ddf80000, 0x0000000100000000)
  eden space 57856K, 0% used [0x00000000d5580000,0x00000000d5580000,0x00000000d8e00000)
  from space 9216K, 84% used [0x00000000d8e00000,0x00000000d95a63b8,0x00000000d9700000)
  to   space 12800K, 0% used [0x00000000dd300000,0x00000000dd300000,0x00000000ddf80000)
 ParOldGen       total 153088K, used 2692K [0x0000000080000000, 0x0000000089580000, 0x00000000d5580000)
  object space 153088K, 1% used [0x0000000080000000,0x00000000802a13d0,0x0000000089580000)
 Metaspace       used 20430K, capacity 21156K, committed 21296K, reserved 1067008K
  class space    used 3029K, capacity 3194K, committed 3200K, reserved 1048576K
Event: 4.622 GC heap after
Heap after GC invocations=6 (full 1):
 PSYoungGen      total 67072K, used 0K [0x00000000d5580000, 0x00000000ddf80000, 0x0000000100000000)
  eden space 57856K, 0% used [0x00000000d5580000,0x00000000d5580000,0x00000000d8e00000)
  from space 9216K, 0% used [0x00000000d8e00000,0x00000000d8e00000,0x00000000d9700000)
  to   space 12800K, 0% used [0x00000000dd300000,0x00000000dd300000,0x00000000ddf80000)
 ParOldGen       total 75264K, used 8246K [0x0000000080000000, 0x0000000084980000, 0x00000000d5580000)
  object space 75264K, 10% used [0x0000000080000000,0x000000008080d9b0,0x0000000084980000)
 Metaspace       used 20430K, capacity 21156K, committed 21296K, reserved 1067008K
  class space    used 3029K, capacity 3194K, committed 3200K, reserved 1048576K
}
Event: 5.531 GC heap before
{Heap before GC invocations=7 (full 1):
 PSYoungGen      total 67072K, used 57856K [0x00000000d5580000, 0x00000000ddf80000, 0x0000000100000000)
  eden space 57856K, 100% used [0x00000000d5580000,0x00000000d8e00000,0x00000000d8e00000)
  from space 9216K, 0% used [0x00000000d8e00000,0x00000000d8e00000,0x00000000d9700000)
  to   space 12800K, 0% used [0x00000000dd300000,0x00000000dd300000,0x00000000ddf80000)
 ParOldGen       total 75264K, used 8246K [0x0000000080000000, 0x0000000084980000, 0x00000000d5580000)
  object space 75264K, 10% used [0x0000000080000000,0x000000008080d9b0,0x0000000084980000)
 Metaspace       used 24478K, capacity 25650K, committed 25728K, reserved 1071104K
  class space    used 3647K, capacity 3927K, committed 3968K, reserved 1048576K
Event: 5.540 GC heap after
Heap after GC invocations=7 (full 1):
 PSYoungGen      total 113152K, used 5377K [0x00000000d5580000, 0x00000000dd880000, 0x0000000100000000)
  eden space 107520K, 0% used [0x00000000d5580000,0x00000000d5580000,0x00000000dbe80000)
  from space 5632K, 95% used [0x00000000dd300000,0x00000000dd8404f0,0x00000000dd880000)
  to   space 12800K, 0% used [0x00000000dbf80000,0x00000000dbf80000,0x00000000dcc00000)
 ParOldGen       total 75264K, used 8254K [0x0000000080000000, 0x0000000084980000, 0x00000000d5580000)
  object space 75264K, 10% used [0x0000000080000000,0x000000008080f9b0,0x0000000084980000)
 Metaspace       used 24478K, capacity 25650K, committed 25728K, reserved 1071104K
  class space    used 3647K, capacity 3927K, committed 3968K, reserved 1048576K
}
Event: 7.745 GC heap before
{Heap before GC invocations=8 (full 1):
 PSYoungGen      total 113152K, used 112883K [0x00000000d5580000, 0x00000000dd880000, 0x0000000100000000)
  eden space 107520K, 99% used [0x00000000d5580000,0x00000000dbe7ca78,0x00000000dbe80000)
  from space 5632K, 95% used [0x00000000dd300000,0x00000000dd8404f0,0x00000000dd880000)
  to   space 12800K, 0% used [0x00000000dbf80000,0x00000000dbf80000,0x00000000dcc00000)
 ParOldGen       total 75264K, used 8254K [0x0000000080000000, 0x0000000084980000, 0x00000000d5580000)
  object space 75264K, 10% used [0x0000000080000000,0x000000008080f9b0,0x0000000084980000)
 Metaspace       used 33822K, capacity 35320K, committed 35456K, reserved 1079296K
  class space    used 5024K, capacity 5396K, committed 5504K, reserved 1048576K
Event: 7.763 GC heap after
Heap after GC invocations=8 (full 1):
 PSYoungGen      total 121344K, used 12778K [0x00000000d5580000, 0x00000000e3280000, 0x0000000100000000)
  eden space 108544K, 0% used [0x00000000d5580000,0x00000000d5580000,0x00000000dbf80000)
  from space 12800K, 99% used [0x00000000dbf80000,0x00000000dcbfa920,0x00000000dcc00000)
  to   space 14848K, 0% used [0x00000000e2400000,0x00000000e2400000,0x00000000e3280000)
 ParOldGen       total 75264K, used 9248K [0x0000000080000000, 0x0000000084980000, 0x00000000d5580000)
  object space 75264K, 12% used [0x0000000080000000,0x0000000080908260,0x0000000084980000)
 Metaspace       used 33822K, capacity 35320K, committed 35456K, reserved 1079296K
  class space    used 5024K, capacity 5396K, committed 5504K, reserved 1048576K
}
Event: 7.763 GC heap before
{Heap before GC invocations=9 (full 2):
 PSYoungGen      total 121344K, used 12778K [0x00000000d5580000, 0x00000000e3280000, 0x0000000100000000)
  eden space 108544K, 0% used [0x00000000d5580000,0x00000000d5580000,0x00000000dbf80000)
  from space 12800K, 99% used [0x00000000dbf80000,0x00000000dcbfa920,0x00000000dcc00000)
  to   space 14848K, 0% used [0x00000000e2400000,0x00000000e2400000,0x00000000e3280000)
 ParOldGen       total 75264K, used 9248K [0x0000000080000000, 0x0000000084980000, 0x00000000d5580000)
  object space 75264K, 12% used [0x0000000080000000,0x0000000080908260,0x0000000084980000)
 Metaspace       used 33822K, capacity 35320K, committed 35456K, reserved 1079296K
  class space    used 5024K, capacity 5396K, committed 5504K, reserved 1048576K
Event: 7.844 GC heap after
Heap after GC invocations=9 (full 2):
 PSYoungGen      total 121344K, used 0K [0x00000000d5580000, 0x00000000e3280000, 0x0000000100000000)
  eden space 108544K, 0% used [0x00000000d5580000,0x00000000d5580000,0x00000000dbf80000)
  from space 12800K, 0% used [0x00000000dbf80000,0x00000000dbf80000,0x00000000dcc00000)
  to   space 14848K, 0% used [0x00000000e2400000,0x00000000e2400000,0x00000000e3280000)
 ParOldGen       total 75264K, used 20860K [0x0000000080000000, 0x0000000084980000, 0x00000000d5580000)
  object space 75264K, 27% used [0x0000000080000000,0x000000008145f050,0x0000000084980000)
 Metaspace       used 33821K, capacity 35314K, committed 35456K, reserved 1079296K
  class space    used 5023K, capacity 5395K, committed 5504K, reserved 1048576K
}

Deoptimization events (10 events):
Event: 7.033 Thread 0x000001cfd2ab1000 Uncommon trap: reason=unstable_if action=reinterpret pc=0x000001cfbbbc3588 method=groovyjarjarantlr4.v4.runtime.atn.SemanticContext$Predicate.hashCode()I @ 27
Event: 7.084 Thread 0x000001cfd2ab1000 Uncommon trap: reason=class_check action=maybe_recompile pc=0x000001cfbbc1cd50 method=groovyjarjarantlr4.v4.runtime.atn.PredictionContext.join(Lgroovyjarjarantlr4/v4/runtime/atn/PredictionContext;Lgroovyjarjarantlr4/v4/runtime/atn/PredictionContext;Lgroov
Event: 7.173 Thread 0x000001cfd2ab1000 Uncommon trap: reason=class_check action=maybe_recompile pc=0x000001cfbb80bd14 method=java.util.concurrent.ConcurrentHashMap.putVal(Ljava/lang/Object;Ljava/lang/Object;Z)Ljava/lang/Object; @ 192
Event: 7.698 Thread 0x000001cfd2ab1000 Uncommon trap: reason=unstable_if action=reinterpret pc=0x000001cfbb9c9984 method=java.lang.ClassLoader.getClassLoadingLock(Ljava/lang/String;)Ljava/lang/Object; @ 6
Event: 7.846 Thread 0x000001cfcf9fb000 Uncommon trap: reason=unstable_if action=reinterpret pc=0x000001cfbb8378a0 method=java.lang.ref.Reference.tryHandlePending(Z)Z @ 104
Event: 7.993 Thread 0x000001cfd2ab1000 Uncommon trap: reason=unstable_if action=reinterpret pc=0x000001cfbbcf8208 method=java.lang.ClassLoader.checkCerts(Ljava/lang/String;Ljava/security/CodeSource;)V @ 9
Event: 8.015 Thread 0x000001cfd2ab1000 Uncommon trap: reason=unstable_if action=reinterpret pc=0x000001cfbbc9233c method=java.lang.ClassLoader.checkCerts(Ljava/lang/String;Ljava/security/CodeSource;)V @ 9
Event: 8.019 Thread 0x000001cfd2ab1000 Uncommon trap: reason=class_check action=maybe_recompile pc=0x000001cfbb3cb7a0 method=java.lang.String.equals(Ljava/lang/Object;)Z @ 8
Event: 8.174 Thread 0x000001cfd2ab1000 Uncommon trap: reason=unstable_if action=reinterpret pc=0x000001cfbb9eb4c0 method=java.util.Properties$LineReader.readLine()I @ 81
Event: 8.367 Thread 0x000001cfd2ab1000 Uncommon trap: reason=unstable_if action=reinterpret pc=0x000001cfbb68896c method=sun.misc.URLClassPath$JarLoader.getResource(Ljava/lang/String;ZLjava/util/Set;)Lsun/misc/Resource; @ 17

Classes redefined (0 events):
No events

Internal exceptions (10 events):
Event: 7.466 Thread 0x000001cfd2000800 Exception <a 'sun/nio/fs/WindowsException'> (0x00000000db5fe500) thrown at [C:\jenkins\workspace\8-2-build-windows-x64-cygwin\jdk8u361\3183\hotspot\src\share\vm\prims\jni.cpp, line 710]
Event: 7.467 Thread 0x000001cfd2000800 Exception <a 'sun/nio/fs/WindowsException'> (0x00000000db5fe978) thrown at [C:\jenkins\workspace\8-2-build-windows-x64-cygwin\jdk8u361\3183\hotspot\src\share\vm\prims\jni.cpp, line 710]
Event: 7.515 Thread 0x000001cfd2ab1000 Exception <a 'java/lang/NoSuchMethodError': java.lang.Object.lambda$visitListOfExpressions$0(Lorg/codehaus/groovy/ast/expr/Expression;)V> (0x00000000db6777d8) thrown at [C:\jenkins\workspace\8-2-build-windows-x64-cygwin\jdk8u361\3183\hotspot\src\share\vm\
Event: 8.370 Thread 0x000001cfd2ab1000 Exception <a 'java/lang/ClassNotFoundException': groovy/lang/ExpandoMetaClassBeanInfo> (0x00000000d6724e38) thrown at [C:\jenkins\workspace\8-2-build-windows-x64-cygwin\jdk8u361\3183\hotspot\src\share\vm\classfile\systemDictionary.cpp, line 212]
Event: 8.372 Thread 0x000001cfd2ab1000 Exception <a 'java/lang/ClassNotFoundException': groovy/lang/MetaClassImplBeanInfo> (0x00000000d675bb90) thrown at [C:\jenkins\workspace\8-2-build-windows-x64-cygwin\jdk8u361\3183\hotspot\src\share\vm\classfile\systemDictionary.cpp, line 212]
Event: 8.373 Thread 0x000001cfd2ab1000 Exception <a 'java/lang/ClassNotFoundException': java/lang/ObjectBeanInfo> (0x00000000d6767d98) thrown at [C:\jenkins\workspace\8-2-build-windows-x64-cygwin\jdk8u361\3183\hotspot\src\share\vm\classfile\systemDictionary.cpp, line 212]
Event: 8.374 Thread 0x000001cfd2ab1000 Exception <a 'java/lang/ClassNotFoundException': java/lang/ObjectCustomizer> (0x00000000d6774160) thrown at [C:\jenkins\workspace\8-2-build-windows-x64-cygwin\jdk8u361\3183\hotspot\src\share\vm\classfile\systemDictionary.cpp, line 212]
Event: 8.390 Thread 0x000001cfd2ab1000 Exception <a 'java/lang/ClassNotFoundException': groovy/lang/MetaClassImplCustomizer> (0x00000000d67b1cd8) thrown at [C:\jenkins\workspace\8-2-build-windows-x64-cygwin\jdk8u361\3183\hotspot\src\share\vm\classfile\systemDictionary.cpp, line 212]
Event: 8.394 Thread 0x000001cfd2ab1000 Exception <a 'java/lang/ClassNotFoundException': groovy/lang/ExpandoMetaClassCustomizer> (0x00000000d680fe10) thrown at [C:\jenkins\workspace\8-2-build-windows-x64-cygwin\jdk8u361\3183\hotspot\src\share\vm\classfile\systemDictionary.cpp, line 212]
Event: 8.425 Thread 0x000001cfd2005000 Exception <a 'sun/nio/fs/WindowsException'> (0x00000000d699c2f8) thrown at [C:\jenkins\workspace\8-2-build-windows-x64-cygwin\jdk8u361\3183\hotspot\src\share\vm\prims\jni.cpp, line 710]

Events (10 events):
Event: 8.436 loading class org/gradle/internal/Pair
Event: 8.436 loading class org/gradle/internal/Pair done
Event: 8.436 loading class org/gradle/internal/Pair
Event: 8.436 loading class org/gradle/internal/Pair done
Event: 8.438 loading class org/gradle/groovy/scripts/internal/FileCacheBackedScriptClassCompiler$BuildScriptRemapper
Event: 8.438 loading class org/gradle/groovy/scripts/internal/FileCacheBackedScriptClassCompiler$BuildScriptRemapper done
Event: 8.439 Executing VM operation: RevokeBias
Event: 8.439 Executing VM operation: RevokeBias done
Event: 8.439 loading class org/gradle/groovy/scripts/internal/FileCacheBackedScriptClassCompiler$BuildScriptRemapper$MethodRenamer
Event: 8.439 loading class org/gradle/groovy/scripts/internal/FileCacheBackedScriptClassCompiler$BuildScriptRemapper$MethodRenamer done


Dynamic libraries:
0x00007ff7f95f0000 - 0x00007ff7f9637000 	C:\Program Files\Java\jre1.8.0_361\bin\java.exe
0x00007ffcbc830000 - 0x00007ffcbca45000 	C:\WINDOWS\SYSTEM32\ntdll.dll
0x00007ffcbb570000 - 0x00007ffcbb634000 	C:\WINDOWS\System32\KERNEL32.DLL
0x00007ffcb9fb0000 - 0x00007ffcba354000 	C:\WINDOWS\System32\KERNELBASE.dll
0x00007ffcbb4c0000 - 0x00007ffcbb56e000 	C:\WINDOWS\System32\ADVAPI32.dll
0x00007ffcbc740000 - 0x00007ffcbc7e7000 	C:\WINDOWS\System32\msvcrt.dll
0x00007ffcbb870000 - 0x00007ffcbb914000 	C:\WINDOWS\System32\sechost.dll
0x00007ffcbc400000 - 0x00007ffcbc517000 	C:\WINDOWS\System32\RPCRT4.dll
0x00007ffcbc580000 - 0x00007ffcbc72b000 	C:\WINDOWS\System32\USER32.dll
0x00007ffcb9e50000 - 0x00007ffcb9e76000 	C:\WINDOWS\System32\win32u.dll
0x00007ffcba5f0000 - 0x00007ffcba619000 	C:\WINDOWS\System32\GDI32.dll
0x00007ffcb9c10000 - 0x00007ffcb9d28000 	C:\WINDOWS\System32\gdi32full.dll
0x00007ffcba550000 - 0x00007ffcba5ea000 	C:\WINDOWS\System32\msvcp_win.dll
0x00007ffcb9d30000 - 0x00007ffcb9e41000 	C:\WINDOWS\System32\ucrtbase.dll
0x00007ffc9c0a0000 - 0x00007ffc9c32f000 	C:\WINDOWS\WinSxS\amd64_microsoft.windows.common-controls_6595b64144ccf1df_6.0.23466.1001_none_ed8be14996e29fd7\COMCTL32.dll
0x00007ffcbb920000 - 0x00007ffcbb951000 	C:\WINDOWS\System32\IMM32.DLL
0x00007ffcab520000 - 0x00007ffcab535000 	C:\Program Files\Java\jre1.8.0_361\bin\vcruntime140.dll
0x00007ffc735b0000 - 0x00007ffc7364b000 	C:\Program Files\Java\jre1.8.0_361\bin\msvcp140.dll
0x000000006bbe0000 - 0x000000006c443000 	C:\Program Files\Java\jre1.8.0_361\bin\server\jvm.dll
0x00007ffcbc730000 - 0x00007ffcbc738000 	C:\WINDOWS\System32\PSAPI.DLL
0x00007ffcb2e10000 - 0x00007ffcb2e44000 	C:\WINDOWS\SYSTEM32\WINMM.dll
0x00007ffcb3150000 - 0x00007ffcb315a000 	C:\WINDOWS\SYSTEM32\VERSION.dll
0x00007ffca0230000 - 0x00007ffca0239000 	C:\WINDOWS\SYSTEM32\WSOCK32.dll
0x00007ffcba620000 - 0x00007ffcba691000 	C:\WINDOWS\System32\WS2_32.dll
0x00007ffcb8c20000 - 0x00007ffcb8c38000 	C:\WINDOWS\SYSTEM32\kernel.appcore.dll
0x00007ffcaf220000 - 0x00007ffcaf230000 	C:\Program Files\Java\jre1.8.0_361\bin\verify.dll
0x00007ffcab460000 - 0x00007ffcab48b000 	C:\Program Files\Java\jre1.8.0_361\bin\java.dll
0x00007ffcab440000 - 0x00007ffcab458000 	C:\Program Files\Java\jre1.8.0_361\bin\zip.dll
0x00007ffcbbbd0000 - 0x00007ffcbc3f2000 	C:\WINDOWS\System32\SHELL32.dll
0x00007ffcb7ba0000 - 0x00007ffcb848d000 	C:\WINDOWS\SYSTEM32\windows.storage.dll
0x00007ffcbaba0000 - 0x00007ffcbaf2a000 	C:\WINDOWS\System32\combase.dll
0x00007ffcb7a60000 - 0x00007ffcb7b9e000 	C:\WINDOWS\SYSTEM32\wintypes.dll
0x00007ffcbaa20000 - 0x00007ffcbab13000 	C:\WINDOWS\System32\SHCORE.dll
0x00007ffcbc520000 - 0x00007ffcbc57e000 	C:\WINDOWS\System32\shlwapi.dll
0x00007ffcb9b40000 - 0x00007ffcb9b61000 	C:\WINDOWS\SYSTEM32\profapi.dll
0x00007ffcaa0b0000 - 0x00007ffcaa0cc000 	C:\Program Files\Java\jre1.8.0_361\bin\net.dll
0x00007ffcb9080000 - 0x00007ffcb90e9000 	C:\WINDOWS\system32\mswsock.dll
0x00007ffca9960000 - 0x00007ffca9973000 	C:\Program Files\Java\jre1.8.0_361\bin\nio.dll
0x00007ffcab790000 - 0x00007ffcab7b7000 	C:\Users\Hamzic\.gradle\native\e1d6ef7f7dcc3fd88c89a11ec53ec762bb8ba0a96d01ffa2cd45eb1d1d8dd5c5\windows-amd64\native-platform.dll
0x00007ffc72310000 - 0x00007ffc72454000 	C:\Users\Hamzic\.gradle\native\0d407fdbe67a94daf76414ababcb853783967236a71b16ec16e742cd7a986fd3\windows-amd64\native-platform-file-events.dll
0x00007ffcaebb0000 - 0x00007ffcaebbd000 	C:\Program Files\Java\jre1.8.0_361\bin\management.dll
0x00007ffcb93a0000 - 0x00007ffcb93bb000 	C:\WINDOWS\SYSTEM32\CRYPTSP.dll
0x00007ffcb8b90000 - 0x00007ffcb8bc5000 	C:\WINDOWS\system32\rsaenh.dll
0x00007ffcb9120000 - 0x00007ffcb9148000 	C:\WINDOWS\SYSTEM32\USERENV.dll
0x00007ffcb94f0000 - 0x00007ffcb9518000 	C:\WINDOWS\SYSTEM32\bcrypt.dll
0x00007ffcba4d0000 - 0x00007ffcba54b000 	C:\WINDOWS\System32\bcryptprimitives.dll
0x00007ffcb9380000 - 0x00007ffcb938c000 	C:\WINDOWS\SYSTEM32\CRYPTBASE.dll
0x00007ffcb86f0000 - 0x00007ffcb871d000 	C:\WINDOWS\SYSTEM32\IPHLPAPI.DLL
0x00007ffcbb030000 - 0x00007ffcbb039000 	C:\WINDOWS\System32\NSI.dll
0x00007ffcb1720000 - 0x00007ffcb1739000 	C:\WINDOWS\SYSTEM32\dhcpcsvc6.DLL
0x00007ffcb1700000 - 0x00007ffcb171f000 	C:\WINDOWS\SYSTEM32\dhcpcsvc.DLL
0x00007ffcb8760000 - 0x00007ffcb8853000 	C:\WINDOWS\SYSTEM32\DNSAPI.dll
0x00007ffcae6f0000 - 0x00007ffcae91e000 	C:\WINDOWS\SYSTEM32\dbghelp.dll
0x00007ffcbb9c0000 - 0x00007ffcbba97000 	C:\WINDOWS\System32\OLEAUT32.dll

VM Arguments:
jvm_args: -XX:MaxMetaspaceSize=512m -Xmx2048m -Dfile.encoding=utf8 -Duser.country=GB -Duser.language=en -Duser.variant 
java_command: org.gradle.launcher.daemon.bootstrap.GradleDaemon 7.4.2
java_class_path (initial): C:\Users\Hamzic\.gradle\wrapper\dists\gradle-7.4.2-bin\48ivgl02cpt2ed3fh9dbalvx8\gradle-7.4.2\lib\gradle-launcher-7.4.2.jar
Launcher Type: SUN_STANDARD

Environment Variables:
USERNAME=Hamzic
OS=Windows_NT
PROCESSOR_IDENTIFIER=AMD64 Family 23 Model 24 Stepping 1, AuthenticAMD



---------------  S Y S T E M  ---------------

OS: Windows 11 , 64 bit Build 23466 (10.0.23466.1001)

CPU:total 4 (initial active 4) (4 cores per cpu, 1 threads per core) family 23 model 24 stepping 1, cmov, cx8, fxsr, mmx, sse, sse2, sse3, ssse3, sse4.1, sse4.2, popcnt, avx, avx2, aes, clmul, mmxext, 3dnowpref, lzcnt, sse4a, tsc, tscinvbit, tscinv, bmi1

Memory: 4k page, physical 14609240k(448176k free), swap 20753240k(5160k free)

vm_info: Java HotSpot(TM) 64-Bit Server VM (25.361-b09) for windows-amd64 JRE (1.8.0_361-b09), built on Jan  9 2023 08:38:53 by "java_re" with MS VC++ 15.9 (VS2017)

time: Sun Jun 18 14:21:26 2023
timezone: Central Europe Daylight Time
elapsed time: 8.488627 seconds (0d 0h 0m 8s)

