#
# There is insufficient memory for the Java Runtime Environment to continue.
# Native memory allocation (malloc) failed to allocate 1237776 bytes for Chunk::new
# Possible reasons:
#   The system is out of physical RAM or swap space
#   The process is running with CompressedOops enabled, and the Java Heap may be blocking the growth of the native heap
# Possible solutions:
#   Reduce memory load on the system
#   Increase physical memory or swap space
#   Check if swap backing store is full
#   Decrease Java heap size (-Xmx/-Xms)
#   Decrease number of Java threads
#   Decrease Java thread stack sizes (-Xss)
#   Set larger code cache with -XX:ReservedCodeCacheSize=
#   JVM is running with Unscaled Compressed Oops mode in which the Java heap is
#     placed in the first 4GB address space. The Java Heap base address is the
#     maximum limit for the native heap growth. Please use -XX:HeapBaseMinAddress
#     to set the Java Heap base and to place the Java Heap above 4GB virtual address.
# This output file may be truncated or incomplete.
#
#  Out of Memory Error (allocation.cpp:389), pid=7540, tid=0x000000000000291c
#
# JRE version: Java(TM) SE Runtime Environment (8.0_361) (build 1.8.0_361-b09)
# Java VM: Java HotSpot(TM) 64-Bit Server VM (25.361-b09 mixed mode windows-amd64 compressed oops)
# Failed to write core dump. Minidumps are not enabled by default on client versions of Windows
#

---------------  T H R E A D  ---------------

Current thread (0x0000025a32f49800):  JavaThread "C2 CompilerThread0" daemon [_thread_in_native, id=10524, stack(0x0000005bcb200000,0x0000005bcb300000)]

Stack: [0x0000005bcb200000,0x0000005bcb300000]
Native frames: (J=compiled Java code, j=interpreted, Vv=VM code, C=native code)
V  [jvm.dll+0x3317a9]
V  [jvm.dll+0x277c4e]
V  [jvm.dll+0x27888d]
V  [jvm.dll+0x26f0d5]
V  [jvm.dll+0xd590c]
V  [jvm.dll+0xd610c]
V  [jvm.dll+0x455cd2]
V  [jvm.dll+0x490d8d]
V  [jvm.dll+0x445911]
V  [jvm.dll+0x442abb]
V  [jvm.dll+0x42d98b]
V  [jvm.dll+0xac70b]
V  [jvm.dll+0xaad6b]
V  [jvm.dll+0x23ffb2]
V  [jvm.dll+0x294a5c]
C  [ucrtbase.dll+0x29363]
C  [KERNEL32.DLL+0x126ad]
C  [ntdll.dll+0x5aa08]


Current CompileTask:
C2:  50452 6621       4       org.objectweb.asm.MethodVisitor::visitInvokeDynamicInsn (39 bytes)


---------------  P R O C E S S  ---------------

Java Threads: ( => current thread )
  0x0000025a36871800 JavaThread "Cache worker for kotlin-dsl (C:\Users\Hamzic\.gradle\caches\7.5.1\kotlin-dsl)" [_thread_blocked, id=4072, stack(0x0000005bcd200000,0x0000005bcd300000)]
  0x0000025a36873000 JavaThread "jar transforms Thread 4" [_thread_blocked, id=12640, stack(0x0000005bccf00000,0x0000005bcd000000)]
  0x0000025a36877800 JavaThread "jar transforms Thread 3" [_thread_blocked, id=17004, stack(0x0000005bcce00000,0x0000005bccf00000)]
  0x0000025a3686f000 JavaThread "jar transforms Thread 2" [_thread_blocked, id=7296, stack(0x0000005bccd00000,0x0000005bcce00000)]
  0x0000025a3686d000 JavaThread "jar transforms" [_thread_blocked, id=17132, stack(0x0000005bccc00000,0x0000005bccd00000)]
  0x0000025a36874000 JavaThread "Cache worker for execution history cache (C:\Users\Hamzic\.gradle\caches\7.5.1\executionHistory)" [_thread_blocked, id=10096, stack(0x0000005bccb00000,0x0000005bccc00000)]
  0x0000025a343a5000 JavaThread "Cache worker for cache directory md-supplier (C:\Users\Hamzic\.gradle\caches\7.5.1\md-supplier)" [_thread_blocked, id=3668, stack(0x0000005bcca00000,0x0000005bccb00000)]
  0x0000025a343a4000 JavaThread "Cache worker for file hash cache (D:\Ensar\projects\cloudkeep\frontend\android\.gradle\7.5.1\fileHashes)" [_thread_blocked, id=4296, stack(0x0000005bcc900000,0x0000005bcca00000)]
  0x0000025a343a3800 JavaThread "Cache worker for file content cache (C:\Users\Hamzic\.gradle\caches\7.5.1\fileContent)" [_thread_blocked, id=8824, stack(0x0000005bcc800000,0x0000005bcc900000)]
  0x0000025a343a2800 JavaThread "Cache worker for cache directory md-rule (C:\Users\Hamzic\.gradle\caches\7.5.1\md-rule)" [_thread_blocked, id=14296, stack(0x0000005bcc700000,0x0000005bcc800000)]
  0x0000025a343a6800 JavaThread "Cache worker for checksums cache (D:\Ensar\projects\cloudkeep\frontend\android\.gradle\7.5.1\checksums)" [_thread_blocked, id=2796, stack(0x0000005bcc600000,0x0000005bcc700000)]
  0x0000025a343a8000 JavaThread "File watcher consumer" daemon [_thread_blocked, id=11800, stack(0x0000005bcc500000,0x0000005bcc600000)]
  0x0000025a343a9800 JavaThread "File watcher server" daemon [_thread_in_native, id=9988, stack(0x0000005bcc400000,0x0000005bcc500000)]
  0x0000025a343a7000 JavaThread "Cache worker for file hash cache (C:\Users\Hamzic\.gradle\caches\7.5.1\fileHashes)" [_thread_blocked, id=7444, stack(0x0000005bcc300000,0x0000005bcc400000)]
  0x0000025a343a5800 JavaThread "File lock request listener" [_thread_in_native, id=6128, stack(0x0000005bcc200000,0x0000005bcc300000)]
  0x0000025a343a8800 JavaThread "Cache worker for journal cache (C:\Users\Hamzic\.gradle\caches\journal-1)" [_thread_blocked, id=3248, stack(0x0000005bcc100000,0x0000005bcc200000)]
  0x0000025a35866000 JavaThread "Daemon client event forwarder" [_thread_blocked, id=10684, stack(0x0000005bcc000000,0x0000005bcc100000)]
  0x0000025a3583a800 JavaThread "Stdin handler" [_thread_blocked, id=15308, stack(0x0000005bcbf00000,0x0000005bcc000000)]
  0x0000025a35861800 JavaThread "Asynchronous log dispatcher for DefaultDaemonConnection: socket connection from /127.0.0.1:54966 to /127.0.0.1:54967" [_thread_blocked, id=10280, stack(0x0000005bcbe00000,0x0000005bcbf00000)]
  0x0000025a35816000 JavaThread "Daemon worker" [_thread_in_native, id=11196, stack(0x0000005bcbd00000,0x0000005bcbe00000)]
  0x0000025a35815800 JavaThread "Cancel handler" [_thread_blocked, id=11124, stack(0x0000005bcbc00000,0x0000005bcbd00000)]
  0x0000025a35799800 JavaThread "Handler for socket connection from /127.0.0.1:54966 to /127.0.0.1:54967" [_thread_in_native, id=9208, stack(0x0000005bcbb00000,0x0000005bcbc00000)]
  0x0000025a35750000 JavaThread "Daemon" [_thread_blocked, id=16040, stack(0x0000005bcba00000,0x0000005bcbb00000)]
  0x0000025a35757800 JavaThread "Daemon periodic checks" [_thread_blocked, id=10228, stack(0x0000005bcb900000,0x0000005bcba00000)]
  0x0000025a35756800 JavaThread "Incoming local TCP Connector on port 54966" [_thread_in_native, id=10936, stack(0x0000005bcb800000,0x0000005bcb900000)]
  0x0000025a356f2000 JavaThread "Daemon health stats" [_thread_blocked, id=3092, stack(0x0000005bcb700000,0x0000005bcb800000)]
  0x0000025a32fd5000 JavaThread "Service Thread" daemon [_thread_blocked, id=8640, stack(0x0000005bcb500000,0x0000005bcb600000)]
  0x0000025a32f6c000 JavaThread "C1 CompilerThread2" daemon [_thread_blocked, id=11284, stack(0x0000005bcb400000,0x0000005bcb500000)]
  0x0000025a32f4c800 JavaThread "C2 CompilerThread1" daemon [_thread_blocked, id=5328, stack(0x0000005bcb300000,0x0000005bcb400000)]
=>0x0000025a32f49800 JavaThread "C2 CompilerThread0" daemon [_thread_in_native, id=10524, stack(0x0000005bcb200000,0x0000005bcb300000)]
  0x0000025a32f46800 JavaThread "Attach Listener" daemon [_thread_blocked, id=4232, stack(0x0000005bcb100000,0x0000005bcb200000)]
  0x0000025a32f45800 JavaThread "Signal Dispatcher" daemon [_thread_blocked, id=16240, stack(0x0000005bcb000000,0x0000005bcb100000)]
  0x0000025a32f2b800 JavaThread "Finalizer" daemon [_thread_blocked, id=9568, stack(0x0000005bcaf00000,0x0000005bcb000000)]
  0x0000025a327f8800 JavaThread "Reference Handler" daemon [_thread_blocked, id=16892, stack(0x0000005bcae00000,0x0000005bcaf00000)]
  0x0000025a1c767000 JavaThread "main" [_thread_blocked, id=2032, stack(0x0000005bca800000,0x0000005bca900000)]

Other Threads:
  0x0000025a32f05800 VMThread [stack: 0x0000005bcad00000,0x0000005bcae00000] [id=5780]
  0x0000025a32ff4800 WatcherThread [stack: 0x0000005bcb600000,0x0000005bcb700000] [id=8944]

VM state:not at safepoint (normal execution)

VM Mutex/Monitor currently owned by a thread: None

heap address: 0x0000000080000000, size: 2048 MB, Compressed Oops mode: 32-bit
Narrow klass base: 0x0000000000000000, Narrow klass shift: 3
Compressed class space size: 1073741824 Address: 0x0000000100000000

Heap:
 PSYoungGen      total 544256K, used 144438K [0x00000000d5580000, 0x00000000f8200000, 0x0000000100000000)
  eden space 521728K, 27% used [0x00000000d5580000,0x00000000de08d968,0x00000000f5300000)
  from space 22528K, 9% used [0x00000000f6c00000,0x00000000f6e00010,0x00000000f8200000)
  to   space 24064K, 0% used [0x00000000f5300000,0x00000000f5300000,0x00000000f6a80000)
 ParOldGen       total 110592K, used 51717K [0x0000000080000000, 0x0000000086c00000, 0x00000000d5580000)
  object space 110592K, 46% used [0x0000000080000000,0x00000000832817b0,0x0000000086c00000)
 Metaspace       used 43302K, capacity 45784K, committed 46080K, reserved 1089536K
  class space    used 6086K, capacity 6607K, committed 6656K, reserved 1048576K

Card table byte_map: [0x0000025a2d410000,0x0000025a2d820000] byte_map_base: 0x0000025a2d010000

Marking Bits: (ParMarkBitMap*) 0x000000006c3cb090
 Begin Bits: [0x0000025a2dad0000, 0x0000025a2fad0000)
 End Bits:   [0x0000025a2fad0000, 0x0000025a31ad0000)

Polling page: 0x0000025a1e020000

CodeCache: size=245760Kb used=22470Kb max_used=22473Kb free=223289Kb
 bounds [0x0000025a1e050000, 0x0000025a1f670000, 0x0000025a2d050000]
 total_blobs=6459 nmethods=5719 adapters=652
 compilation: enabled

Compilation events (10 events):
Event: 50.229 Thread 0x0000025a32f6c000 6617       3       org.objectweb.asm.AnnotationWriter::computeAnnotationsSize (66 bytes)
Event: 50.229 Thread 0x0000025a32f6c000 nmethod 6617 0x0000025a1f622310 code [0x0000025a1f6224c0, 0x0000025a1f622a40]
Event: 50.232 Thread 0x0000025a32f6c000 6618       3       org.objectweb.asm.MethodWriter::putMethodInfo (1274 bytes)
Event: 50.233 Thread 0x0000025a32f4c800 nmethod 6616 0x0000025a1f6302d0 code [0x0000025a1f630460, 0x0000025a1f630bb8]
Event: 50.235 Thread 0x0000025a32f6c000 nmethod 6618 0x0000025a1f62aa50 code [0x0000025a1f62b0a0, 0x0000025a1f62e330]
Event: 50.235 Thread 0x0000025a32f6c000 6620       3       org.objectweb.asm.ClassReader::readMethod (1066 bytes)
Event: 50.241 Thread 0x0000025a32f6c000 nmethod 6620 0x0000025a1f656e90 code [0x0000025a1f6575a0, 0x0000025a1f65d0c0]
Event: 50.241 Thread 0x0000025a32f6c000 6619       3       org.objectweb.asm.AnnotationWriter::putAnnotations (67 bytes)
Event: 50.241 Thread 0x0000025a32f6c000 nmethod 6619 0x0000025a1e332d50 code [0x0000025a1e332f40, 0x0000025a1e3337a0]
Event: 50.296 Thread 0x0000025a32f49800 6621       4       org.objectweb.asm.MethodVisitor::visitInvokeDynamicInsn (39 bytes)

GC Heap History (10 events):
Event: 44.671 GC heap before
{Heap before GC invocations=10 (full 2):
 PSYoungGen      total 240640K, used 238794K [0x00000000d5580000, 0x00000000ef200000, 0x0000000100000000)
  eden space 220672K, 100% used [0x00000000d5580000,0x00000000e2d00000,0x00000000e2d00000)
  from space 19968K, 90% used [0x00000000e2d00000,0x00000000e3eb2b28,0x00000000e4080000)
  to   space 22016K, 0% used [0x00000000edc80000,0x00000000edc80000,0x00000000ef200000)
 ParOldGen       total 110592K, used 29246K [0x0000000080000000, 0x0000000086c00000, 0x00000000d5580000)
  object space 110592K, 26% used [0x0000000080000000,0x0000000081c8f810,0x0000000086c00000)
 Metaspace       used 43223K, capacity 45690K, committed 45824K, reserved 1089536K
  class space    used 6078K, capacity 6596K, committed 6656K, reserved 1048576K
Event: 44.701 GC heap after
Heap after GC invocations=10 (full 2):
 PSYoungGen      total 398848K, used 17858K [0x00000000d5580000, 0x00000000ef500000, 0x0000000100000000)
  eden space 376832K, 0% used [0x00000000d5580000,0x00000000d5580000,0x00000000ec580000)
  from space 22016K, 81% used [0x00000000edc80000,0x00000000eedf08b8,0x00000000ef200000)
  to   space 23552K, 0% used [0x00000000ec580000,0x00000000ec580000,0x00000000edc80000)
 ParOldGen       total 110592K, used 29246K [0x0000000080000000, 0x0000000086c00000, 0x00000000d5580000)
  object space 110592K, 26% used [0x0000000080000000,0x0000000081c8f810,0x0000000086c00000)
 Metaspace       used 43223K, capacity 45690K, committed 45824K, reserved 1089536K
  class space    used 6078K, capacity 6596K, committed 6656K, reserved 1048576K
}
Event: 46.384 GC heap before
{Heap before GC invocations=11 (full 2):
 PSYoungGen      total 398848K, used 394690K [0x00000000d5580000, 0x00000000ef500000, 0x0000000100000000)
  eden space 376832K, 100% used [0x00000000d5580000,0x00000000ec580000,0x00000000ec580000)
  from space 22016K, 81% used [0x00000000edc80000,0x00000000eedf08b8,0x00000000ef200000)
  to   space 23552K, 0% used [0x00000000ec580000,0x00000000ec580000,0x00000000edc80000)
 ParOldGen       total 110592K, used 29246K [0x0000000080000000, 0x0000000086c00000, 0x00000000d5580000)
  object space 110592K, 26% used [0x0000000080000000,0x0000000081c8f810,0x0000000086c00000)
 Metaspace       used 43240K, capacity 45690K, committed 45824K, reserved 1089536K
  class space    used 6078K, capacity 6596K, committed 6656K, reserved 1048576K
Event: 46.416 GC heap after
Heap after GC invocations=11 (full 2):
 PSYoungGen      total 400384K, used 10306K [0x00000000d5580000, 0x00000000ef500000, 0x0000000100000000)
  eden space 376832K, 0% used [0x00000000d5580000,0x00000000d5580000,0x00000000ec580000)
  from space 23552K, 43% used [0x00000000ec580000,0x00000000ecf90878,0x00000000edc80000)
  to   space 22016K, 0% used [0x00000000edc80000,0x00000000edc80000,0x00000000ef200000)
 ParOldGen       total 110592K, used 38350K [0x0000000080000000, 0x0000000086c00000, 0x00000000d5580000)
  object space 110592K, 34% used [0x0000000080000000,0x0000000082573ab8,0x0000000086c00000)
 Metaspace       used 43240K, capacity 45690K, committed 45824K, reserved 1089536K
  class space    used 6078K, capacity 6596K, committed 6656K, reserved 1048576K
}
Event: 47.454 GC heap before
{Heap before GC invocations=12 (full 2):
 PSYoungGen      total 400384K, used 387138K [0x00000000d5580000, 0x00000000ef500000, 0x0000000100000000)
  eden space 376832K, 100% used [0x00000000d5580000,0x00000000ec580000,0x00000000ec580000)
  from space 23552K, 43% used [0x00000000ec580000,0x00000000ecf90878,0x00000000edc80000)
  to   space 22016K, 0% used [0x00000000edc80000,0x00000000edc80000,0x00000000ef200000)
 ParOldGen       total 110592K, used 38350K [0x0000000080000000, 0x0000000086c00000, 0x00000000d5580000)
  object space 110592K, 34% used [0x0000000080000000,0x0000000082573ab8,0x0000000086c00000)
 Metaspace       used 43281K, capacity 45716K, committed 45824K, reserved 1089536K
  class space    used 6085K, capacity 6607K, committed 6656K, reserved 1048576K
Event: 47.466 GC heap after
Heap after GC invocations=12 (full 2):
 PSYoungGen      total 398848K, used 2688K [0x00000000d5580000, 0x00000000f8700000, 0x0000000100000000)
  eden space 376832K, 0% used [0x00000000d5580000,0x00000000d5580000,0x00000000ec580000)
  from space 22016K, 12% used [0x00000000edc80000,0x00000000edf20020,0x00000000ef200000)
  to   space 23552K, 0% used [0x00000000ec580000,0x00000000ec580000,0x00000000edc80000)
 ParOldGen       total 110592K, used 47053K [0x0000000080000000, 0x0000000086c00000, 0x00000000d5580000)
  object space 110592K, 42% used [0x0000000080000000,0x0000000082df3780,0x0000000086c00000)
 Metaspace       used 43281K, capacity 45716K, committed 45824K, reserved 1089536K
  class space    used 6085K, capacity 6607K, committed 6656K, reserved 1048576K
}
Event: 48.707 GC heap before
{Heap before GC invocations=13 (full 2):
 PSYoungGen      total 398848K, used 379520K [0x00000000d5580000, 0x00000000f8700000, 0x0000000100000000)
  eden space 376832K, 100% used [0x00000000d5580000,0x00000000ec580000,0x00000000ec580000)
  from space 22016K, 12% used [0x00000000edc80000,0x00000000edf20020,0x00000000ef200000)
  to   space 23552K, 0% used [0x00000000ec580000,0x00000000ec580000,0x00000000edc80000)
 ParOldGen       total 110592K, used 47053K [0x0000000080000000, 0x0000000086c00000, 0x00000000d5580000)
  object space 110592K, 42% used [0x0000000080000000,0x0000000082df3780,0x0000000086c00000)
 Metaspace       used 43297K, capacity 45784K, committed 46080K, reserved 1089536K
  class space    used 6086K, capacity 6607K, committed 6656K, reserved 1048576K
Event: 48.723 GC heap after
Heap after GC invocations=13 (full 2):
 PSYoungGen      total 400384K, used 2384K [0x00000000d5580000, 0x00000000f8380000, 0x0000000100000000)
  eden space 376832K, 0% used [0x00000000d5580000,0x00000000d5580000,0x00000000ec580000)
  from space 23552K, 10% used [0x00000000ec580000,0x00000000ec7d4030,0x00000000edc80000)
  to   space 24064K, 0% used [0x00000000f6c00000,0x00000000f6c00000,0x00000000f8380000)
 ParOldGen       total 110592K, used 49585K [0x0000000080000000, 0x0000000086c00000, 0x00000000d5580000)
  object space 110592K, 44% used [0x0000000080000000,0x000000008306c790,0x0000000086c00000)
 Metaspace       used 43297K, capacity 45784K, committed 46080K, reserved 1089536K
  class space    used 6086K, capacity 6607K, committed 6656K, reserved 1048576K
}
Event: 50.031 GC heap before
{Heap before GC invocations=14 (full 2):
 PSYoungGen      total 400384K, used 379216K [0x00000000d5580000, 0x00000000f8380000, 0x0000000100000000)
  eden space 376832K, 100% used [0x00000000d5580000,0x00000000ec580000,0x00000000ec580000)
  from space 23552K, 10% used [0x00000000ec580000,0x00000000ec7d4030,0x00000000edc80000)
  to   space 24064K, 0% used [0x00000000f6c00000,0x00000000f6c00000,0x00000000f8380000)
 ParOldGen       total 110592K, used 49585K [0x0000000080000000, 0x0000000086c00000, 0x00000000d5580000)
  object space 110592K, 44% used [0x0000000080000000,0x000000008306c790,0x0000000086c00000)
 Metaspace       used 43301K, capacity 45784K, committed 46080K, reserved 1089536K
  class space    used 6086K, capacity 6607K, committed 6656K, reserved 1048576K
Event: 50.053 GC heap after
Heap after GC invocations=14 (full 2):
 PSYoungGen      total 544256K, used 2048K [0x00000000d5580000, 0x00000000f8200000, 0x0000000100000000)
  eden space 521728K, 0% used [0x00000000d5580000,0x00000000d5580000,0x00000000f5300000)
  from space 22528K, 9% used [0x00000000f6c00000,0x00000000f6e00010,0x00000000f8200000)
  to   space 24064K, 0% used [0x00000000f5300000,0x00000000f5300000,0x00000000f6a80000)
 ParOldGen       total 110592K, used 51717K [0x0000000080000000, 0x0000000086c00000, 0x00000000d5580000)
  object space 110592K, 46% used [0x0000000080000000,0x00000000832817b0,0x0000000086c00000)
 Metaspace       used 43301K, capacity 45784K, committed 46080K, reserved 1089536K
  class space    used 6086K, capacity 6607K, committed 6656K, reserved 1048576K
}

Deoptimization events (10 events):
Event: 49.773 Thread 0x0000025a35816000 Uncommon trap: reason=unstable_if action=reinterpret pc=0x0000025a1f5662c0 method=org.gradle.api.internal.runtimeshaded.RuntimeShadedJarCreator.processEntry(Lorg/gradle/internal/classpath/ClasspathBuilder$EntryBuilder;Lorg/gradle/internal/classpath/Classp
Event: 50.125 Thread 0x0000025a35816000 Uncommon trap: reason=unstable_if action=reinterpret pc=0x0000025a1f33b6f0 method=org.objectweb.asm.MethodWriter.visitVarInsn(II)V @ 20
Event: 50.229 Thread 0x0000025a35816000 Uncommon trap: reason=unstable_if action=reinterpret pc=0x0000025a1e337b2c method=org.objectweb.asm.ClassReader.readMethod(Lorg/objectweb/asm/ClassVisitor;Lorg/objectweb/asm/Context;I)I @ 382
Event: 50.229 Thread 0x0000025a35816000 Uncommon trap: reason=unstable_if action=reinterpret pc=0x0000025a1e48dc08 method=org.objectweb.asm.AnnotationWriter.computeAnnotationsSize(Lorg/objectweb/asm/AnnotationWriter;Lorg/objectweb/asm/AnnotationWriter;Lorg/objectweb/asm/AnnotationWriter;Lorg/ob
Event: 50.229 Thread 0x0000025a35816000 Uncommon trap: reason=unstable_if action=reinterpret pc=0x0000025a1eaf8fc0 method=org.objectweb.asm.MethodWriter.putMethodInfo(Lorg/objectweb/asm/ByteVector;)V @ 210
Event: 50.229 Thread 0x0000025a35816000 Uncommon trap: reason=unstable_if action=reinterpret pc=0x0000025a1e210944 method=org.objectweb.asm.AnnotationWriter.putAnnotations(Lorg/objectweb/asm/SymbolTable;Lorg/objectweb/asm/AnnotationWriter;Lorg/objectweb/asm/AnnotationWriter;Lorg/objectweb/asm/A
Event: 50.231 Thread 0x0000025a35816000 Uncommon trap: reason=bimorphic action=maybe_recompile pc=0x0000025a1f60fb08 method=org.objectweb.asm.SymbolTable.addBootstrapMethod(Lorg/objectweb/asm/Handle;[Ljava/lang/Object;)Lorg/objectweb/asm/Symbol; @ 179
Event: 50.231 Thread 0x0000025a35816000 Uncommon trap: reason=bimorphic action=maybe_recompile pc=0x0000025a1f60fb08 method=org.objectweb.asm.SymbolTable.addBootstrapMethod(Lorg/objectweb/asm/Handle;[Ljava/lang/Object;)Lorg/objectweb/asm/Symbol; @ 179
Event: 50.276 Thread 0x0000025a35816000 Uncommon trap: reason=bimorphic action=maybe_recompile pc=0x0000025a1f60fb08 method=org.objectweb.asm.SymbolTable.addBootstrapMethod(Lorg/objectweb/asm/Handle;[Ljava/lang/Object;)Lorg/objectweb/asm/Symbol; @ 179
Event: 50.276 Thread 0x0000025a35816000 Uncommon trap: reason=bimorphic action=maybe_recompile pc=0x0000025a1f60fb08 method=org.objectweb.asm.SymbolTable.addBootstrapMethod(Lorg/objectweb/asm/Handle;[Ljava/lang/Object;)Lorg/objectweb/asm/Symbol; @ 179

Classes redefined (0 events):
No events

Internal exceptions (10 events):
Event: 42.490 Thread 0x0000025a35816000 Exception <a 'java/lang/ClassNotFoundException': groovy/lang/GroovyShellBeanInfo> (0x00000000dfd2d5b0) thrown at [C:\jenkins\workspace\8-2-build-windows-x64-cygwin\jdk8u361\3183\hotspot\src\share\vm\classfile\systemDictionary.cpp, line 212]
Event: 42.491 Thread 0x0000025a35816000 Exception <a 'java/lang/ClassNotFoundException': groovy/lang/GroovyShellCustomizer> (0x00000000dfe8fbc0) thrown at [C:\jenkins\workspace\8-2-build-windows-x64-cygwin\jdk8u361\3183\hotspot\src\share\vm\classfile\systemDictionary.cpp, line 212]
Event: 42.499 Thread 0x0000025a35816000 Exception <a 'java/lang/ClassNotFoundException': org/gradle/internal/logging/slf4j/OutputEventListenerBackedLoggerBeanInfo> (0x00000000dff7bb80) thrown at [C:\jenkins\workspace\8-2-build-windows-x64-cygwin\jdk8u361\3183\hotspot\src\share\vm\classfile\syst
Event: 42.499 Thread 0x0000025a35816000 Exception <a 'java/lang/ClassNotFoundException': org/gradle/internal/logging/slf4j/BuildOperationAwareLoggerBeanInfo> (0x00000000dffbe1b8) thrown at [C:\jenkins\workspace\8-2-build-windows-x64-cygwin\jdk8u361\3183\hotspot\src\share\vm\classfile\systemDict
Event: 42.502 Thread 0x0000025a35816000 Exception <a 'java/lang/ClassNotFoundException': org/gradle/internal/logging/slf4j/BuildOperationAwareLoggerCustomizer> (0x00000000e00014c0) thrown at [C:\jenkins\workspace\8-2-build-windows-x64-cygwin\jdk8u361\3183\hotspot\src\share\vm\classfile\systemDi
Event: 42.504 Thread 0x0000025a35816000 Exception <a 'java/lang/ClassNotFoundException': org/gradle/internal/logging/slf4j/OutputEventListenerBackedLoggerCustomizer> (0x00000000e0081f60) thrown at [C:\jenkins\workspace\8-2-build-windows-x64-cygwin\jdk8u361\3183\hotspot\src\share\vm\classfile\sy
Event: 43.015 Thread 0x0000025a35816000 Exception <a 'java/lang/NoSuchMethodError': java.lang.Object.empty()Ljava/util/stream/Stream;> (0x00000000e04c4200) thrown at [C:\jenkins\workspace\8-2-build-windows-x64-cygwin\jdk8u361\3183\hotspot\src\share\vm\interpreter\linkResolver.cpp, line 620]
Event: 43.338 Thread 0x0000025a35816000 Exception <a 'sun/nio/fs/WindowsException'> (0x00000000e27194f8) thrown at [C:\jenkins\workspace\8-2-build-windows-x64-cygwin\jdk8u361\3183\hotspot\src\share\vm\prims\jni.cpp, line 710]
Event: 43.353 Thread 0x0000025a35816000 Implicit null exception at 0x0000025a1f2d81e5 to 0x0000025a1f2d850d
Event: 45.514 Thread 0x0000025a35816000 Implicit null exception at 0x0000025a1e91f9ab to 0x0000025a1e91fad9

Events (10 events):
Event: 50.235 Thread 0x0000025a32f6c000 flushing nmethod 0x0000025a1e380210
Event: 50.235 Thread 0x0000025a32f6c000 flushing nmethod 0x0000025a1e3eb690
Event: 50.242 Thread 0x0000025a32f6c000 flushing nmethod 0x0000025a1e5538d0
Event: 50.242 Thread 0x0000025a32f6c000 flushing nmethod 0x0000025a1e55b710
Event: 50.276 Thread 0x0000025a35816000 Uncommon trap: trap_request=0xffffffc6 fr.pc=0x0000025a1f60fb08
Event: 50.276 Thread 0x0000025a35816000 DEOPT PACKING pc=0x0000025a1f60fb08 sp=0x0000005bcbdf7a50
Event: 50.276 Thread 0x0000025a35816000 DEOPT UNPACKING pc=0x0000025a1e0958c3 sp=0x0000005bcbdf77d8 mode 2
Event: 50.276 Thread 0x0000025a35816000 Uncommon trap: trap_request=0xffffffc6 fr.pc=0x0000025a1f60fb08
Event: 50.276 Thread 0x0000025a35816000 DEOPT PACKING pc=0x0000025a1f60fb08 sp=0x0000005bcbdf7a50
Event: 50.276 Thread 0x0000025a35816000 DEOPT UNPACKING pc=0x0000025a1e0958c3 sp=0x0000005bcbdf77d8 mode 2


Dynamic libraries:
0x00007ff6468a0000 - 0x00007ff6468e7000 	C:\Program Files\Java\jre1.8.0_361\bin\java.exe
0x00007ffcbc830000 - 0x00007ffcbca45000 	C:\WINDOWS\SYSTEM32\ntdll.dll
0x00007ffcbb570000 - 0x00007ffcbb634000 	C:\WINDOWS\System32\KERNEL32.DLL
0x00007ffcb9fb0000 - 0x00007ffcba354000 	C:\WINDOWS\System32\KERNELBASE.dll
0x00007ffcbb4c0000 - 0x00007ffcbb56e000 	C:\WINDOWS\System32\ADVAPI32.dll
0x00007ffcbc740000 - 0x00007ffcbc7e7000 	C:\WINDOWS\System32\msvcrt.dll
0x00007ffcbb870000 - 0x00007ffcbb914000 	C:\WINDOWS\System32\sechost.dll
0x00007ffcbc400000 - 0x00007ffcbc517000 	C:\WINDOWS\System32\RPCRT4.dll
0x00007ffcbc580000 - 0x00007ffcbc72b000 	C:\WINDOWS\System32\USER32.dll
0x00007ffcb9e50000 - 0x00007ffcb9e76000 	C:\WINDOWS\System32\win32u.dll
0x00007ffcba5f0000 - 0x00007ffcba619000 	C:\WINDOWS\System32\GDI32.dll
0x00007ffcb9c10000 - 0x00007ffcb9d28000 	C:\WINDOWS\System32\gdi32full.dll
0x00007ffcba550000 - 0x00007ffcba5ea000 	C:\WINDOWS\System32\msvcp_win.dll
0x00007ffcb9d30000 - 0x00007ffcb9e41000 	C:\WINDOWS\System32\ucrtbase.dll
0x00007ffc9c0a0000 - 0x00007ffc9c32f000 	C:\WINDOWS\WinSxS\amd64_microsoft.windows.common-controls_6595b64144ccf1df_6.0.23466.1001_none_ed8be14996e29fd7\COMCTL32.dll
0x00007ffcbb920000 - 0x00007ffcbb951000 	C:\WINDOWS\System32\IMM32.DLL
0x00007ffcaba90000 - 0x00007ffcabaa5000 	C:\Program Files\Java\jre1.8.0_361\bin\vcruntime140.dll
0x00007ffc72b90000 - 0x00007ffc72c2b000 	C:\Program Files\Java\jre1.8.0_361\bin\msvcp140.dll
0x000000006bbe0000 - 0x000000006c443000 	C:\Program Files\Java\jre1.8.0_361\bin\server\jvm.dll
0x00007ffcbc730000 - 0x00007ffcbc738000 	C:\WINDOWS\System32\PSAPI.DLL
0x00007ffca0230000 - 0x00007ffca0239000 	C:\WINDOWS\SYSTEM32\WSOCK32.dll
0x00007ffcb2e10000 - 0x00007ffcb2e44000 	C:\WINDOWS\SYSTEM32\WINMM.dll
0x00007ffcba620000 - 0x00007ffcba691000 	C:\WINDOWS\System32\WS2_32.dll
0x00007ffcb3150000 - 0x00007ffcb315a000 	C:\WINDOWS\SYSTEM32\VERSION.dll
0x00007ffcb8c20000 - 0x00007ffcb8c38000 	C:\WINDOWS\SYSTEM32\kernel.appcore.dll
0x00007ffcaf220000 - 0x00007ffcaf230000 	C:\Program Files\Java\jre1.8.0_361\bin\verify.dll
0x00007ffca9950000 - 0x00007ffca997b000 	C:\Program Files\Java\jre1.8.0_361\bin\java.dll
0x00007ffca9930000 - 0x00007ffca9948000 	C:\Program Files\Java\jre1.8.0_361\bin\zip.dll
0x00007ffcbbbd0000 - 0x00007ffcbc3f2000 	C:\WINDOWS\System32\SHELL32.dll
0x00007ffcb7ba0000 - 0x00007ffcb848d000 	C:\WINDOWS\SYSTEM32\windows.storage.dll
0x00007ffcbaba0000 - 0x00007ffcbaf2a000 	C:\WINDOWS\System32\combase.dll
0x00007ffcb7a60000 - 0x00007ffcb7b9e000 	C:\WINDOWS\SYSTEM32\wintypes.dll
0x00007ffcbaa20000 - 0x00007ffcbab13000 	C:\WINDOWS\System32\SHCORE.dll
0x00007ffcbc520000 - 0x00007ffcbc57e000 	C:\WINDOWS\System32\shlwapi.dll
0x00007ffcb9b40000 - 0x00007ffcb9b61000 	C:\WINDOWS\SYSTEM32\profapi.dll
0x00007ffca9910000 - 0x00007ffca992c000 	C:\Program Files\Java\jre1.8.0_361\bin\net.dll
0x00007ffcb9080000 - 0x00007ffcb90e9000 	C:\WINDOWS\system32\mswsock.dll
0x00007ffca9800000 - 0x00007ffca9813000 	C:\Program Files\Java\jre1.8.0_361\bin\nio.dll
0x00007ffcab790000 - 0x00007ffcab7b7000 	C:\Users\Hamzic\.gradle\native\e1d6ef7f7dcc3fd88c89a11ec53ec762bb8ba0a96d01ffa2cd45eb1d1d8dd5c5\windows-amd64\native-platform.dll
0x00007ffc72310000 - 0x00007ffc72454000 	C:\Users\Hamzic\.gradle\native\0d407fdbe67a94daf76414ababcb853783967236a71b16ec16e742cd7a986fd3\windows-amd64\native-platform-file-events.dll
0x00007ffcaebb0000 - 0x00007ffcaebbd000 	C:\Program Files\Java\jre1.8.0_361\bin\management.dll
0x00007ffcb93a0000 - 0x00007ffcb93bb000 	C:\WINDOWS\SYSTEM32\CRYPTSP.dll
0x00007ffcb8b90000 - 0x00007ffcb8bc5000 	C:\WINDOWS\system32\rsaenh.dll
0x00007ffcb9120000 - 0x00007ffcb9148000 	C:\WINDOWS\SYSTEM32\USERENV.dll
0x00007ffcb94f0000 - 0x00007ffcb9518000 	C:\WINDOWS\SYSTEM32\bcrypt.dll
0x00007ffcba4d0000 - 0x00007ffcba54b000 	C:\WINDOWS\System32\bcryptprimitives.dll
0x00007ffcb9380000 - 0x00007ffcb938c000 	C:\WINDOWS\SYSTEM32\CRYPTBASE.dll
0x00007ffcb86f0000 - 0x00007ffcb871d000 	C:\WINDOWS\SYSTEM32\IPHLPAPI.DLL
0x00007ffcbb030000 - 0x00007ffcbb039000 	C:\WINDOWS\System32\NSI.dll
0x00007ffcb1720000 - 0x00007ffcb1739000 	C:\WINDOWS\SYSTEM32\dhcpcsvc6.DLL
0x00007ffcb1700000 - 0x00007ffcb171f000 	C:\WINDOWS\SYSTEM32\dhcpcsvc.DLL
0x00007ffcb8760000 - 0x00007ffcb8853000 	C:\WINDOWS\SYSTEM32\DNSAPI.dll
0x00007ffcae6f0000 - 0x00007ffcae91e000 	C:\WINDOWS\SYSTEM32\dbghelp.dll
0x00007ffcbb9c0000 - 0x00007ffcbba97000 	C:\WINDOWS\System32\OLEAUT32.dll

VM Arguments:
jvm_args: -XX:MaxMetaspaceSize=512m -Xmx2048m -Dfile.encoding=utf8 -Duser.country=GB -Duser.language=en -Duser.variant 
java_command: org.gradle.launcher.daemon.bootstrap.GradleDaemon 7.5.1
java_class_path (initial): C:\Users\Hamzic\.gradle\wrapper\dists\gradle-7.5.1-all\1ehga6e77gqps5uk2kc5kf1vc\gradle-7.5.1\lib\gradle-launcher-7.5.1.jar
Launcher Type: SUN_STANDARD

Environment Variables:
USERNAME=Hamzic
OS=Windows_NT
PROCESSOR_IDENTIFIER=AMD64 Family 23 Model 24 Stepping 1, AuthenticAMD



---------------  S Y S T E M  ---------------

OS: Windows 11 , 64 bit Build 23466 (10.0.23466.1001)

CPU:total 4 (initial active 4) (4 cores per cpu, 1 threads per core) family 23 model 24 stepping 1, cmov, cx8, fxsr, mmx, sse, sse2, sse3, ssse3, sse4.1, sse4.2, popcnt, avx, avx2, aes, clmul, mmxext, 3dnowpref, lzcnt, sse4a, tsc, tscinvbit, tscinv, bmi1

Memory: 4k page, physical 14609240k(453340k free), swap 20753240k(5144k free)

vm_info: Java HotSpot(TM) 64-Bit Server VM (25.361-b09) for windows-amd64 JRE (1.8.0_361-b09), built on Jan  9 2023 08:38:53 by "java_re" with MS VC++ 15.9 (VS2017)

time: Sun Jun 18 14:24:45 2023
timezone: Central Europe Daylight Time
elapsed time: 50.460968 seconds (0d 0h 0m 50s)

